<?xml version="1.0" encoding="UTF-8"?>
<!-- Generated by org.testng.reporters.JUnitXMLReporter -->
<testsuite hostname="Kannapi" ignored="0" name="Default test" tests="3" failures="0" timestamp="25 Jan 2023 21:41:34 GMT" time="18.277" errors="0">
  <testcase name="verifyCheckTitleOfPage" time="2.525" classname="com.obsqura.selenium.FinalProject.PushNotificationsTest"/>
  <testcase name="verifyResetNotification" time="2.003" classname="com.obsqura.selenium.FinalProject.PushNotificationsTest"/>
  <testcase name="verifySendNotification" time="2.17" classname="com.obsqura.selenium.FinalProject.PushNotificationsTest"/>
</testsuite> <!-- Default test -->
