<?xml version="1.0" encoding="UTF-8"?>
<!-- Generated by org.testng.reporters.JUnitXMLReporter -->
<testsuite hostname="Kannapi" ignored="0" name="Default test" tests="2" failures="0" timestamp="26 Jan 2023 22:00:53 GMT" time="14.463" errors="0">
  <testcase name="verifyAddSlider" time="3.232" classname="com.obsqura.selenium.FinalProject.ManageSliderTest"/>
  <testcase name="verifyNavigateBackToHome" time="2.579" classname="com.obsqura.selenium.FinalProject.ManageSliderTest"/>
</testsuite> <!-- Default test -->
