<?xml version="1.0" encoding="UTF-8"?>
<!-- Generated by org.testng.reporters.JUnitXMLReporter -->
<testsuite hostname="Kannapi" ignored="0" name="Parallel Test" tests="5" failures="2" timestamp="06 Feb 2023 19:33:56 GMT" time="22.121" errors="0">
  <testcase name="verifyCheckTitleOfPage" time="0.144" classname="com.obsqura.selenium.FinalProject.PushNotificationsTest">
    <failure type="org.apache.poi.openxml4j.exceptions.NotOfficeXmlFileException" message="No valid entries or contents found, this is not a valid OOXML (Office Open XML) file">
      <![CDATA[org.apache.poi.openxml4j.exceptions.NotOfficeXmlFileException: No valid entries or contents found, this is not a valid OOXML (Office Open XML) file
	at org.apache.poi.openxml4j.util.ZipArchiveThresholdInputStream.getNextEntry(ZipArchiveThresholdInputStream.java:145)
	at org.apache.poi.openxml4j.util.ZipInputStreamZipEntrySource.<init>(ZipInputStreamZipEntrySource.java:49)
	at org.apache.poi.openxml4j.opc.ZipPackage.<init>(ZipPackage.java:106)
	at org.apache.poi.openxml4j.opc.OPCPackage.open(OPCPackage.java:307)
	at org.apache.poi.ooxml.util.PackageHelper.open(PackageHelper.java:47)
	at org.apache.poi.xssf.usermodel.XSSFWorkbook.<init>(XSSFWorkbook.java:309)
	at utilities.ExcelUtility.getTestData(ExcelUtility.java:19)
	at pages.LoginPage.loginToApp(LoginPage.java:29)
	at com.obsqura.selenium.FinalProject.PushNotificationsTest.verifyCheckTitleOfPage(PushNotificationsTest.java:20)
	at java.util.concurrent.ThreadPoolExecutor.runWorker(Unknown Source)
	at java.util.concurrent.ThreadPoolExecutor$Worker.run(Unknown Source)
	at java.lang.Thread.run(Unknown Source)
Caused by: java.util.zip.ZipException: Unexpected record signature: 0X5254DFAF
	at org.apache.commons.compress.archivers.zip.ZipArchiveInputStream.getNextZipEntry(ZipArchiveInputStream.java:260)
	at org.apache.poi.openxml4j.util.ZipArchiveThresholdInputStream.getNextEntry(ZipArchiveThresholdInputStream.java:141)
	... 21 more
... Removed 10 stack frames]]>
    </failure>
  </testcase> <!-- verifyCheckTitleOfPage -->
  <testcase name="verifySearchInvalidData" time="0.297" classname="com.obsqura.selenium.FinalProject.ManagePagesFromDashboardTest">
    <failure type="java.io.IOException" message="Truncated ZIP file">
      <![CDATA[java.io.IOException: Truncated ZIP file
	at org.apache.commons.compress.archivers.zip.ZipArchiveInputStream.readDeflated(ZipArchiveInputStream.java:560)
	at org.apache.commons.compress.archivers.zip.ZipArchiveInputStream.read(ZipArchiveInputStream.java:458)
	at java.io.FilterInputStream.read(Unknown Source)
	at org.apache.poi.openxml4j.util.ZipArchiveThresholdInputStream.read(ZipArchiveThresholdInputStream.java:80)
	at org.apache.poi.util.IOUtils.toByteArray(IOUtils.java:182)
	at org.apache.poi.util.IOUtils.toByteArray(IOUtils.java:149)
	at org.apache.poi.openxml4j.util.ZipArchiveFakeEntry.<init>(ZipArchiveFakeEntry.java:47)
	at org.apache.poi.openxml4j.util.ZipInputStreamZipEntrySource.<init>(ZipInputStreamZipEntrySource.java:53)
	at org.apache.poi.openxml4j.opc.ZipPackage.<init>(ZipPackage.java:106)
	at org.apache.poi.openxml4j.opc.OPCPackage.open(OPCPackage.java:307)
	at org.apache.poi.ooxml.util.PackageHelper.open(PackageHelper.java:47)
	at org.apache.poi.xssf.usermodel.XSSFWorkbook.<init>(XSSFWorkbook.java:309)
	at utilities.ExcelUtility.getTestData(ExcelUtility.java:19)
	at pages.LoginPage.loginToApp(LoginPage.java:29)
	at com.obsqura.selenium.FinalProject.ManagePagesFromDashboardTest.verifySearchInvalidData(ManagePagesFromDashboardTest.java:21)
	at java.util.concurrent.ThreadPoolExecutor.runWorker(Unknown Source)
	at java.util.concurrent.ThreadPoolExecutor$Worker.run(Unknown Source)
	at java.lang.Thread.run(Unknown Source)
... Removed 10 stack frames]]>
    </failure>
  </testcase> <!-- verifySearchInvalidData -->
  <testcase name="verifySearchValidData" time="5.276" classname="com.obsqura.selenium.FinalProject.ManagePagesFromDashboardTest"/>
  <testcase name="verifyResetNotification" time="6.377" classname="com.obsqura.selenium.FinalProject.PushNotificationsTest"/>
  <testcase name="verifySendNotification" time="2.155" classname="com.obsqura.selenium.FinalProject.PushNotificationsTest"/>
</testsuite> <!-- Parallel Test -->
