<?xml version="1.0" encoding="UTF-8"?>
<!-- Generated by org.testng.reporters.JUnitXMLReporter -->
<testsuite hostname="Kannapi" ignored="0" name="Parallel methods Test" tests="3" failures="3" timestamp="06 Feb 2023 19:38:36 GMT" time="11.604" errors="0">
  <testcase name="verifyCheckButtonColors" time="0.338" classname="com.obsqura.selenium.FinalProject.MobileSliderTest">
    <failure type="org.apache.poi.openxml4j.exceptions.NotOfficeXmlFileException" message="No valid entries or contents found, this is not a valid OOXML (Office Open XML) file">
      <![CDATA[org.apache.poi.openxml4j.exceptions.NotOfficeXmlFileException: No valid entries or contents found, this is not a valid OOXML (Office Open XML) file
	at org.apache.poi.openxml4j.util.ZipArchiveThresholdInputStream.getNextEntry(ZipArchiveThresholdInputStream.java:145)
	at org.apache.poi.openxml4j.util.ZipInputStreamZipEntrySource.<init>(ZipInputStreamZipEntrySource.java:49)
	at org.apache.poi.openxml4j.opc.ZipPackage.<init>(ZipPackage.java:106)
	at org.apache.poi.openxml4j.opc.OPCPackage.open(OPCPackage.java:307)
	at org.apache.poi.ooxml.util.PackageHelper.open(PackageHelper.java:47)
	at org.apache.poi.xssf.usermodel.XSSFWorkbook.<init>(XSSFWorkbook.java:309)
	at utilities.ExcelUtility.getTestData(ExcelUtility.java:19)
	at pages.LoginPage.loginToApp(LoginPage.java:29)
	at com.obsqura.selenium.FinalProject.MobileSliderTest.verifyCheckButtonColors(MobileSliderTest.java:27)
	at java.util.concurrent.ThreadPoolExecutor.runWorker(Unknown Source)
	at java.util.concurrent.ThreadPoolExecutor$Worker.run(Unknown Source)
	at java.lang.Thread.run(Unknown Source)
Caused by: java.util.zip.ZipException: Unexpected record signature: 0X5254DFAF
	at org.apache.commons.compress.archivers.zip.ZipArchiveInputStream.getNextZipEntry(ZipArchiveInputStream.java:260)
	at org.apache.poi.openxml4j.util.ZipArchiveThresholdInputStream.getNextEntry(ZipArchiveThresholdInputStream.java:141)
	... 21 more
... Removed 10 stack frames]]>
    </failure>
  </testcase> <!-- verifyCheckButtonColors -->
  <testcase name="verifyCheckColumnHeaders" time="0.377" classname="com.obsqura.selenium.FinalProject.MobileSliderTest">
    <failure type="org.apache.poi.openxml4j.exceptions.NotOfficeXmlFileException" message="No valid entries or contents found, this is not a valid OOXML (Office Open XML) file">
      <![CDATA[org.apache.poi.openxml4j.exceptions.NotOfficeXmlFileException: No valid entries or contents found, this is not a valid OOXML (Office Open XML) file
	at org.apache.poi.openxml4j.util.ZipArchiveThresholdInputStream.getNextEntry(ZipArchiveThresholdInputStream.java:145)
	at org.apache.poi.openxml4j.util.ZipInputStreamZipEntrySource.<init>(ZipInputStreamZipEntrySource.java:49)
	at org.apache.poi.openxml4j.opc.ZipPackage.<init>(ZipPackage.java:106)
	at org.apache.poi.openxml4j.opc.OPCPackage.open(OPCPackage.java:307)
	at org.apache.poi.ooxml.util.PackageHelper.open(PackageHelper.java:47)
	at org.apache.poi.xssf.usermodel.XSSFWorkbook.<init>(XSSFWorkbook.java:309)
	at utilities.ExcelUtility.getTestData(ExcelUtility.java:19)
	at pages.LoginPage.loginToApp(LoginPage.java:29)
	at com.obsqura.selenium.FinalProject.MobileSliderTest.verifyCheckColumnHeaders(MobileSliderTest.java:20)
	at java.util.concurrent.ThreadPoolExecutor.runWorker(Unknown Source)
	at java.util.concurrent.ThreadPoolExecutor$Worker.run(Unknown Source)
	at java.lang.Thread.run(Unknown Source)
Caused by: java.util.zip.ZipException: Unexpected record signature: 0X2ECCFB09
	at org.apache.commons.compress.archivers.zip.ZipArchiveInputStream.getNextZipEntry(ZipArchiveInputStream.java:260)
	at org.apache.poi.openxml4j.util.ZipArchiveThresholdInputStream.getNextEntry(ZipArchiveThresholdInputStream.java:141)
	... 21 more
... Removed 10 stack frames]]>
    </failure>
  </testcase> <!-- verifyCheckColumnHeaders -->
  <testcase name="VerifyAddNewSlider" time="0.484" classname="com.obsqura.selenium.FinalProject.MobileSliderTest">
    <failure type="java.io.IOException" message="Truncated ZIP file">
      <![CDATA[java.io.IOException: Truncated ZIP file
	at org.apache.commons.compress.archivers.zip.ZipArchiveInputStream.readDeflated(ZipArchiveInputStream.java:560)
	at org.apache.commons.compress.archivers.zip.ZipArchiveInputStream.read(ZipArchiveInputStream.java:458)
	at java.io.FilterInputStream.read(Unknown Source)
	at org.apache.poi.openxml4j.util.ZipArchiveThresholdInputStream.read(ZipArchiveThresholdInputStream.java:80)
	at org.apache.poi.util.IOUtils.toByteArray(IOUtils.java:182)
	at org.apache.poi.util.IOUtils.toByteArray(IOUtils.java:149)
	at org.apache.poi.openxml4j.util.ZipArchiveFakeEntry.<init>(ZipArchiveFakeEntry.java:47)
	at org.apache.poi.openxml4j.util.ZipInputStreamZipEntrySource.<init>(ZipInputStreamZipEntrySource.java:53)
	at org.apache.poi.openxml4j.opc.ZipPackage.<init>(ZipPackage.java:106)
	at org.apache.poi.openxml4j.opc.OPCPackage.open(OPCPackage.java:307)
	at org.apache.poi.ooxml.util.PackageHelper.open(PackageHelper.java:47)
	at org.apache.poi.xssf.usermodel.XSSFWorkbook.<init>(XSSFWorkbook.java:309)
	at utilities.ExcelUtility.getTestData(ExcelUtility.java:19)
	at pages.LoginPage.loginToApp(LoginPage.java:29)
	at com.obsqura.selenium.FinalProject.MobileSliderTest.VerifyAddNewSlider(MobileSliderTest.java:34)
	at java.util.concurrent.ThreadPoolExecutor.runWorker(Unknown Source)
	at java.util.concurrent.ThreadPoolExecutor$Worker.run(Unknown Source)
	at java.lang.Thread.run(Unknown Source)
... Removed 10 stack frames]]>
    </failure>
  </testcase> <!-- VerifyAddNewSlider -->
</testsuite> <!-- Parallel methods Test -->
