<?xml version="1.0" encoding="UTF-8"?>
<!-- Generated by org.testng.reporters.JUnitXMLReporter -->
<testsuite hostname="Kannapi" ignored="0" name="Test" tests="3" failures="3" timestamp="24 Jan 2023 20:35:20 GMT" time="0.9" errors="0">
  <testcase name="verifyCheckTitleOfPage" time="0.758" classname="com.obsqura.selenium.FinalProject.PushNotificationsTest">
    <failure type="java.lang.NullPointerException">
      <![CDATA[java.lang.NullPointerException
	at org.openqa.selenium.support.pagefactory.DefaultElementLocator.findElement(DefaultElementLocator.java:70)
	at org.openqa.selenium.support.pagefactory.internal.LocatingElementHandler.invoke(LocatingElementHandler.java:39)
	at com.sun.proxy.$Proxy11.sendKeys(Unknown Source)
	at utilities.PageUtility.enterText(PageUtility.java:14)
	at pages.LoginPage.loginToApp(LoginPage.java:30)
	at com.obsqura.selenium.FinalProject.PushNotificationsTest.verifyCheckTitleOfPage(PushNotificationsTest.java:18)
... Removed 25 stack frames]]>
    </failure>
  </testcase> <!-- verifyCheckTitleOfPage -->
  <testcase name="verifyResetNotification" time="0.046" classname="com.obsqura.selenium.FinalProject.PushNotificationsTest">
    <failure type="java.lang.NullPointerException">
      <![CDATA[java.lang.NullPointerException
	at org.openqa.selenium.support.pagefactory.DefaultElementLocator.findElement(DefaultElementLocator.java:70)
	at org.openqa.selenium.support.pagefactory.internal.LocatingElementHandler.invoke(LocatingElementHandler.java:39)
	at com.sun.proxy.$Proxy11.sendKeys(Unknown Source)
	at utilities.PageUtility.enterText(PageUtility.java:14)
	at pages.LoginPage.loginToApp(LoginPage.java:30)
	at com.obsqura.selenium.FinalProject.PushNotificationsTest.verifyResetNotification(PushNotificationsTest.java:33)
... Removed 25 stack frames]]>
    </failure>
  </testcase> <!-- verifyResetNotification -->
  <testcase name="verifySendNotification" time="0.047" classname="com.obsqura.selenium.FinalProject.PushNotificationsTest">
    <failure type="java.lang.NullPointerException">
      <![CDATA[java.lang.NullPointerException
	at org.openqa.selenium.support.pagefactory.DefaultElementLocator.findElement(DefaultElementLocator.java:70)
	at org.openqa.selenium.support.pagefactory.internal.LocatingElementHandler.invoke(LocatingElementHandler.java:39)
	at com.sun.proxy.$Proxy11.sendKeys(Unknown Source)
	at utilities.PageUtility.enterText(PageUtility.java:14)
	at pages.LoginPage.loginToApp(LoginPage.java:30)
	at com.obsqura.selenium.FinalProject.PushNotificationsTest.verifySendNotification(PushNotificationsTest.java:25)
... Removed 25 stack frames]]>
    </failure>
  </testcase> <!-- verifySendNotification -->
</testsuite> <!-- Test -->
