<?xml version="1.0" encoding="UTF-8"?>
<!-- Generated by org.testng.reporters.JUnitXMLReporter -->
<testsuite hostname="Kannapi" ignored="1" name="Grouping Test" tests="2" failures="0" timestamp="2023-02-07T00:59:12 IST" time="12.955" errors="0">
  <testcase name="verifyCheckTitleOfPage" time="1.992" classname="com.obsqura.selenium.FinalProject.PushNotificationsTest"/>
  <testcase name="verifyResetNotification" time="2.761" classname="com.obsqura.selenium.FinalProject.PushNotificationsTest"/>
  <testcase name="verifySendNotification" time="0.0" classname="com.obsqura.selenium.FinalProject.PushNotificationsTest">
    <ignored/>
  </testcase> <!-- verifySendNotification -->
</testsuite> <!-- Grouping Test -->
