<?xml version="1.0" encoding="UTF-8"?>
<testng-results skipped="0" failed="0" ignored="0" total="2" passed="2">
  <reporter-output>
  </reporter-output>
  <suite name="Default suite" duration-ms="14463" started-at="2023-01-26T22:00:39Z" finished-at="2023-01-26T22:00:53Z">
    <groups>
    </groups>
    <test name="Default test" duration-ms="14463" started-at="2023-01-26T22:00:39Z" finished-at="2023-01-26T22:00:53Z">
      <class name="com.obsqura.selenium.FinalProject.ManageSliderTest">
        <test-method status="PASS" signature="initialiseBrowser()[pri:0, instance:com.obsqura.selenium.FinalProject.ManageSliderTest@49993335]" name="initialiseBrowser" is-config="true" duration-ms="0" started-at="2023-01-27T03:30:39Z" finished-at="2023-01-27T03:30:39Z">
          <reporter-output>
          </reporter-output>
        </test-method> <!-- initialiseBrowser -->
        <test-method status="PASS" signature="initializeBrowser()[pri:0, instance:com.obsqura.selenium.FinalProject.ManageSliderTest@49993335]" name="initializeBrowser" is-config="true" duration-ms="4629" started-at="2023-01-27T03:30:39Z" finished-at="2023-01-27T03:30:43Z">
          <reporter-output>
          </reporter-output>
        </test-method> <!-- initializeBrowser -->
        <test-method status="PASS" signature="verifyAddSlider()[pri:0, instance:com.obsqura.selenium.FinalProject.ManageSliderTest@49993335]" name="verifyAddSlider" duration-ms="3232" started-at="2023-01-27T03:30:43Z" finished-at="2023-01-27T03:30:47Z">
          <reporter-output>
          </reporter-output>
        </test-method> <!-- verifyAddSlider -->
        <test-method status="PASS" signature="browserQuit(org.testng.ITestResult)[pri:0, instance:com.obsqura.selenium.FinalProject.ManageSliderTest@49993335]" name="browserQuit" is-config="true" duration-ms="754" started-at="2023-01-27T03:30:47Z" finished-at="2023-01-27T03:30:47Z">
          <params>
            <param index="0">
              <value>
                <![CDATA[[TestResult name=verifyAddSlider status=SUCCESS method=ManageSliderTest.verifyAddSlider()[pri:0, instance:com.obsqura.selenium.FinalProject.ManageSliderTest@49993335] output={null}]]]>
              </value>
            </param>
          </params>
          <reporter-output>
          </reporter-output>
        </test-method> <!-- browserQuit -->
        <test-method status="PASS" signature="initialiseBrowser()[pri:0, instance:com.obsqura.selenium.FinalProject.ManageSliderTest@49993335]" name="initialiseBrowser" is-config="true" duration-ms="1" started-at="2023-01-27T03:30:47Z" finished-at="2023-01-27T03:30:47Z">
          <reporter-output>
          </reporter-output>
        </test-method> <!-- initialiseBrowser -->
        <test-method status="PASS" signature="initializeBrowser()[pri:0, instance:com.obsqura.selenium.FinalProject.ManageSliderTest@49993335]" name="initializeBrowser" is-config="true" duration-ms="2496" started-at="2023-01-27T03:30:47Z" finished-at="2023-01-27T03:30:50Z">
          <reporter-output>
          </reporter-output>
        </test-method> <!-- initializeBrowser -->
        <test-method status="PASS" signature="verifyNavigateBackToHome()[pri:0, instance:com.obsqura.selenium.FinalProject.ManageSliderTest@49993335]" name="verifyNavigateBackToHome" duration-ms="2579" started-at="2023-01-27T03:30:50Z" finished-at="2023-01-27T03:30:53Z">
          <reporter-output>
          </reporter-output>
        </test-method> <!-- verifyNavigateBackToHome -->
        <test-method status="PASS" signature="browserQuit(org.testng.ITestResult)[pri:0, instance:com.obsqura.selenium.FinalProject.ManageSliderTest@49993335]" name="browserQuit" is-config="true" duration-ms="729" started-at="2023-01-27T03:30:53Z" finished-at="2023-01-27T03:30:53Z">
          <params>
            <param index="0">
              <value>
                <![CDATA[[TestResult name=verifyNavigateBackToHome status=SUCCESS method=ManageSliderTest.verifyNavigateBackToHome()[pri:0, instance:com.obsqura.selenium.FinalProject.ManageSliderTest@49993335] output={null}]]]>
              </value>
            </param>
          </params>
          <reporter-output>
          </reporter-output>
        </test-method> <!-- browserQuit -->
      </class> <!-- com.obsqura.selenium.FinalProject.ManageSliderTest -->
    </test> <!-- Default test -->
  </suite> <!-- Default suite -->
</testng-results>
