<?xml version="1.0" encoding="UTF-8"?>
<testng-results skipped="0" failed="7" ignored="0" total="33" passed="26">
  <reporter-output>
  </reporter-output>
  <suite name="Suite" duration-ms="162045" started-at="2023-02-06T20:42:04Z" finished-at="2023-02-06T20:44:46Z">
    <groups>
      <group name="SmokeTest">
        <method signature="AdminUsersTest.verifyCheckColumnHeaders()[pri:0, instance:com.obsqura.selenium.FinalProject.AdminUsersTest@6a01e23]" name="verifyCheckColumnHeaders" class="com.obsqura.selenium.FinalProject.AdminUsersTest"/>
        <method signature="ExpenseCategoryNewButtonTest.verifyClickNewButton()[pri:0, instance:com.obsqura.selenium.FinalProject.ExpenseCategoryNewButtonTest@5a955565]" name="verifyClickNewButton" class="com.obsqura.selenium.FinalProject.ExpenseCategoryNewButtonTest"/>
        <method signature="LoginPageTest.verifyLogin()[pri:0, instance:com.obsqura.selenium.FinalProject.LoginPageTest@7995092a]" name="verifyLogin" class="com.obsqura.selenium.FinalProject.LoginPageTest"/>
        <method signature="ManageExpenseFromDashboardTest.verifyTodaysDateInDateField()[pri:1, instance:com.obsqura.selenium.FinalProject.ManageExpenseFromDashboardTest@70be0a2b]" name="verifyTodaysDateInDateField" class="com.obsqura.selenium.FinalProject.ManageExpenseFromDashboardTest"/>
        <method signature="ManageExpenseOptionsTest.verifyExpenseManageOptions()[pri:0, instance:com.obsqura.selenium.FinalProject.ManageExpenseOptionsTest@2133814f]" name="verifyExpenseManageOptions" class="com.obsqura.selenium.FinalProject.ManageExpenseOptionsTest"/>
        <method signature="ManageLocationTest.verifycreateNewLocation(java.lang.String, java.lang.String, java.lang.String)[pri:1, instance:com.obsqura.selenium.FinalProject.ManageLocationTest@f8c1ddd]" name="verifycreateNewLocation" class="com.obsqura.selenium.FinalProject.ManageLocationTest"/>
        <method signature="ManageOrdersFromDashboardTTest.verifyClickBackButtonFromViewScreen()[pri:2, instance:com.obsqura.selenium.FinalProject.ManageOrdersFromDashboardTTest@23f7d05d]" name="verifyClickBackButtonFromViewScreen" class="com.obsqura.selenium.FinalProject.ManageOrdersFromDashboardTTest"/>
        <method signature="ManageOrdersFromDashboardTTest.verifyDeleteOrder()[pri:3, instance:com.obsqura.selenium.FinalProject.ManageOrdersFromDashboardTTest@23f7d05d]" name="verifyDeleteOrder" class="com.obsqura.selenium.FinalProject.ManageOrdersFromDashboardTTest"/>
        <method signature="ManageOrdersFromDashboardTTest.verifyStatusColumnOptionColors()[pri:0, instance:com.obsqura.selenium.FinalProject.ManageOrdersFromDashboardTTest@23f7d05d]" name="verifyStatusColumnOptionColors" class="com.obsqura.selenium.FinalProject.ManageOrdersFromDashboardTTest"/>
        <method signature="ManagePagesFromDashboardTest.verifySearchValidData()[pri:2, instance:com.obsqura.selenium.FinalProject.ManagePagesFromDashboardTest@23986957]" name="verifySearchValidData" class="com.obsqura.selenium.FinalProject.ManagePagesFromDashboardTest"/>
        <method signature="ManageSliderTest.verifyAddSlider()[pri:0, instance:com.obsqura.selenium.FinalProject.ManageSliderTest@1e730495]" name="verifyAddSlider" class="com.obsqura.selenium.FinalProject.ManageSliderTest"/>
        <method signature="ManageSliderTest.verifyNavigateBackToHome()[pri:1, instance:com.obsqura.selenium.FinalProject.ManageSliderTest@1e730495]" name="verifyNavigateBackToHome" class="com.obsqura.selenium.FinalProject.ManageSliderTest"/>
        <method signature="MobileSliderTest.VerifyAddNewSlider()[pri:2, instance:com.obsqura.selenium.FinalProject.MobileSliderTest@7d3a22a9]" name="VerifyAddNewSlider" class="com.obsqura.selenium.FinalProject.MobileSliderTest"/>
        <method signature="MobileSliderTest.verifyCheckButtonColors()[pri:1, instance:com.obsqura.selenium.FinalProject.MobileSliderTest@7d3a22a9]" name="verifyCheckButtonColors" class="com.obsqura.selenium.FinalProject.MobileSliderTest"/>
        <method signature="PushNotificationsTest.verifyCheckTitleOfPage()[pri:0, instance:com.obsqura.selenium.FinalProject.PushNotificationsTest@1d082e88]" name="verifyCheckTitleOfPage" class="com.obsqura.selenium.FinalProject.PushNotificationsTest"/>
        <method signature="PushNotificationsTest.verifySendNotification()[pri:1, instance:com.obsqura.selenium.FinalProject.PushNotificationsTest@1d082e88]" name="verifySendNotification" class="com.obsqura.selenium.FinalProject.PushNotificationsTest"/>
      </group> <!-- SmokeTest -->
      <group name="RegressionTest">
        <method signature="AdminUsersTest.verifyCreateNewUser()[pri:1, instance:com.obsqura.selenium.FinalProject.AdminUsersTest@6a01e23]" name="verifyCreateNewUser" class="com.obsqura.selenium.FinalProject.AdminUsersTest"/>
        <method signature="AdminUsersTest.verifyResetData()[pri:2, instance:com.obsqura.selenium.FinalProject.AdminUsersTest@6a01e23]" name="verifyResetData" class="com.obsqura.selenium.FinalProject.AdminUsersTest"/>
        <method signature="ExpenseCategoryNewButtonTest.verifyClickSaveWithTitle()[pri:1, instance:com.obsqura.selenium.FinalProject.ExpenseCategoryNewButtonTest@5a955565]" name="verifyClickSaveWithTitle" class="com.obsqura.selenium.FinalProject.ExpenseCategoryNewButtonTest"/>
        <method signature="ExpenseCategoryNewButtonTest.verifySaveButtonColor()[pri:1, instance:com.obsqura.selenium.FinalProject.ExpenseCategoryNewButtonTest@5a955565]" name="verifySaveButtonColor" class="com.obsqura.selenium.FinalProject.ExpenseCategoryNewButtonTest"/>
        <method signature="ExpenseCategoryPageTest.verifyClickExpenseCategory()[pri:0, instance:com.obsqura.selenium.FinalProject.ExpenseCategoryPageTest@6293abcc]" name="verifyClickExpenseCategory" class="com.obsqura.selenium.FinalProject.ExpenseCategoryPageTest"/>
        <method signature="ManageDeliveryBoyTest.VerifyCreateNewDeliveryBoy(java.lang.String, java.lang.String, java.lang.String, java.lang.String)[pri:0, instance:com.obsqura.selenium.FinalProject.ManageDeliveryBoyTest@7fc2413d]" name="VerifyCreateNewDeliveryBoy" class="com.obsqura.selenium.FinalProject.ManageDeliveryBoyTest"/>
        <method signature="ManageExpenseFromDashboardTest.verifyCreateNewExpenseRecord()[pri:0, instance:com.obsqura.selenium.FinalProject.ManageExpenseFromDashboardTest@70be0a2b]" name="verifyCreateNewExpenseRecord" class="com.obsqura.selenium.FinalProject.ManageExpenseFromDashboardTest"/>
        <method signature="ManageExpenseFromDashboardTest.verifySelectDateFromCalendar()[pri:2, instance:com.obsqura.selenium.FinalProject.ManageExpenseFromDashboardTest@70be0a2b]" name="verifySelectDateFromCalendar" class="com.obsqura.selenium.FinalProject.ManageExpenseFromDashboardTest"/>
        <method signature="ManageLocationTest.verifyLocationAndDeliveryChargeFieldsDisplayedOrNot()[pri:0, instance:com.obsqura.selenium.FinalProject.ManageLocationTest@f8c1ddd]" name="verifyLocationAndDeliveryChargeFieldsDisplayedOrNot" class="com.obsqura.selenium.FinalProject.ManageLocationTest"/>
        <method signature="ManageNewsTest.VerifyEnterAndSaveNews()[pri:0, instance:com.obsqura.selenium.FinalProject.ManageNewsTest@4c15e7fd]" name="VerifyEnterAndSaveNews" class="com.obsqura.selenium.FinalProject.ManageNewsTest"/>
        <method signature="ManageOrdersFromDashboardTTest.verifyClickViewButton()[pri:1, instance:com.obsqura.selenium.FinalProject.ManageOrdersFromDashboardTTest@23f7d05d]" name="verifyClickViewButton" class="com.obsqura.selenium.FinalProject.ManageOrdersFromDashboardTTest"/>
        <method signature="ManagePagesFromDashboardTest.verifySearchInvalidData()[pri:1, instance:com.obsqura.selenium.FinalProject.ManagePagesFromDashboardTest@23986957]" name="verifySearchInvalidData" class="com.obsqura.selenium.FinalProject.ManagePagesFromDashboardTest"/>
        <method signature="ManageSliderTest.verifyAddSlider()[pri:0, instance:com.obsqura.selenium.FinalProject.ManageSliderTest@1e730495]" name="verifyAddSlider" class="com.obsqura.selenium.FinalProject.ManageSliderTest"/>
        <method signature="MobileSliderTest.verifyCheckColumnHeaders()[pri:0, instance:com.obsqura.selenium.FinalProject.MobileSliderTest@7d3a22a9]" name="verifyCheckColumnHeaders" class="com.obsqura.selenium.FinalProject.MobileSliderTest"/>
        <method signature="PushNotificationsTest.verifyCheckTitleOfPage()[pri:0, instance:com.obsqura.selenium.FinalProject.PushNotificationsTest@1d082e88]" name="verifyCheckTitleOfPage" class="com.obsqura.selenium.FinalProject.PushNotificationsTest"/>
        <method signature="PushNotificationsTest.verifyResetNotification()[pri:2, instance:com.obsqura.selenium.FinalProject.PushNotificationsTest@1d082e88]" name="verifyResetNotification" class="com.obsqura.selenium.FinalProject.PushNotificationsTest"/>
        <method signature="VerifyButtonsAndColorsInExpenseCategoryTest.verifyFindBackgroundColor()[pri:0, instance:com.obsqura.selenium.FinalProject.VerifyButtonsAndColorsInExpenseCategoryTest@60704c]" name="verifyFindBackgroundColor" class="com.obsqura.selenium.FinalProject.VerifyButtonsAndColorsInExpenseCategoryTest"/>
      </group> <!-- RegressionTest -->
    </groups>
    <test name="Test" duration-ms="162045" started-at="2023-02-06T20:42:04Z" finished-at="2023-02-06T20:44:46Z">
      <class name="com.obsqura.selenium.FinalProject.ExpenseCategoryNewButtonTest">
        <test-method status="PASS" signature="initialiseBrowser(java.lang.String)[pri:0, instance:com.obsqura.selenium.FinalProject.ExpenseCategoryNewButtonTest@5a955565]" name="initialiseBrowser" is-config="true" duration-ms="2305" started-at="2023-02-07T02:12:12Z" finished-at="2023-02-07T02:12:15Z">
          <params>
            <param index="0">
              <value>
                <![CDATA[chrome]]>
              </value>
            </param>
          </params>
          <reporter-output>
          </reporter-output>
        </test-method> <!-- initialiseBrowser -->
        <test-method status="PASS" signature="verifyClickNewButton()[pri:0, instance:com.obsqura.selenium.FinalProject.ExpenseCategoryNewButtonTest@5a955565]" name="verifyClickNewButton" duration-ms="1901" started-at="2023-02-07T02:12:15Z" description="Click new button and verify" finished-at="2023-02-07T02:12:16Z">
          <reporter-output>
          </reporter-output>
        </test-method> <!-- verifyClickNewButton -->
        <test-method status="PASS" signature="browserQuit(org.testng.ITestResult)[pri:0, instance:com.obsqura.selenium.FinalProject.ExpenseCategoryNewButtonTest@5a955565]" name="browserQuit" is-config="true" duration-ms="695" started-at="2023-02-07T02:12:16Z" finished-at="2023-02-07T02:12:17Z">
          <params>
            <param index="0">
              <value>
                <![CDATA[[TestResult name=verifyClickNewButton status=SUCCESS method=ExpenseCategoryNewButtonTest.verifyClickNewButton()[pri:0, instance:com.obsqura.selenium.FinalProject.ExpenseCategoryNewButtonTest@5a955565] output={null}]]]>
              </value>
            </param>
          </params>
          <reporter-output>
          </reporter-output>
        </test-method> <!-- browserQuit -->
        <test-method status="PASS" signature="initialiseBrowser(java.lang.String)[pri:0, instance:com.obsqura.selenium.FinalProject.ExpenseCategoryNewButtonTest@5a955565]" name="initialiseBrowser" is-config="true" duration-ms="2131" started-at="2023-02-07T02:13:35Z" finished-at="2023-02-07T02:13:37Z">
          <params>
            <param index="0">
              <value>
                <![CDATA[chrome]]>
              </value>
            </param>
          </params>
          <reporter-output>
          </reporter-output>
        </test-method> <!-- initialiseBrowser -->
        <test-method status="PASS" signature="verifyClickSaveWithTitle()[pri:1, instance:com.obsqura.selenium.FinalProject.ExpenseCategoryNewButtonTest@5a955565]" name="verifyClickSaveWithTitle" duration-ms="1462" started-at="2023-02-07T02:13:37Z" description="Provide expense category title and save" finished-at="2023-02-07T02:13:39Z">
          <reporter-output>
          </reporter-output>
        </test-method> <!-- verifyClickSaveWithTitle -->
        <test-method status="PASS" signature="browserQuit(org.testng.ITestResult)[pri:0, instance:com.obsqura.selenium.FinalProject.ExpenseCategoryNewButtonTest@5a955565]" name="browserQuit" is-config="true" duration-ms="678" started-at="2023-02-07T02:13:39Z" finished-at="2023-02-07T02:13:39Z">
          <params>
            <param index="0">
              <value>
                <![CDATA[[TestResult name=verifyClickSaveWithTitle status=SUCCESS method=ExpenseCategoryNewButtonTest.verifyClickSaveWithTitle()[pri:1, instance:com.obsqura.selenium.FinalProject.ExpenseCategoryNewButtonTest@5a955565] output={null}]]]>
              </value>
            </param>
          </params>
          <reporter-output>
          </reporter-output>
        </test-method> <!-- browserQuit -->
        <test-method status="PASS" signature="initialiseBrowser(java.lang.String)[pri:0, instance:com.obsqura.selenium.FinalProject.ExpenseCategoryNewButtonTest@5a955565]" name="initialiseBrowser" is-config="true" duration-ms="2199" started-at="2023-02-07T02:13:39Z" finished-at="2023-02-07T02:13:41Z">
          <params>
            <param index="0">
              <value>
                <![CDATA[chrome]]>
              </value>
            </param>
          </params>
          <reporter-output>
          </reporter-output>
        </test-method> <!-- initialiseBrowser -->
        <test-method status="PASS" signature="verifySaveButtonColor()[pri:1, instance:com.obsqura.selenium.FinalProject.ExpenseCategoryNewButtonTest@5a955565]" name="verifySaveButtonColor" duration-ms="1371" started-at="2023-02-07T02:13:41Z" description="Check and verify color of save button" finished-at="2023-02-07T02:13:43Z">
          <reporter-output>
          </reporter-output>
        </test-method> <!-- verifySaveButtonColor -->
        <test-method status="PASS" signature="browserQuit(org.testng.ITestResult)[pri:0, instance:com.obsqura.selenium.FinalProject.ExpenseCategoryNewButtonTest@5a955565]" name="browserQuit" is-config="true" duration-ms="684" started-at="2023-02-07T02:13:43Z" finished-at="2023-02-07T02:13:44Z">
          <params>
            <param index="0">
              <value>
                <![CDATA[[TestResult name=verifySaveButtonColor status=SUCCESS method=ExpenseCategoryNewButtonTest.verifySaveButtonColor()[pri:1, instance:com.obsqura.selenium.FinalProject.ExpenseCategoryNewButtonTest@5a955565] output={null}]]]>
              </value>
            </param>
          </params>
          <reporter-output>
          </reporter-output>
        </test-method> <!-- browserQuit -->
        <test-method status="PASS" signature="initialiseBrowser(java.lang.String)[pri:0, instance:com.obsqura.selenium.FinalProject.ExpenseCategoryNewButtonTest@5a955565]" name="initialiseBrowser" is-config="true" duration-ms="2285" started-at="2023-02-07T02:14:37Z" finished-at="2023-02-07T02:14:39Z">
          <params>
            <param index="0">
              <value>
                <![CDATA[chrome]]>
              </value>
            </param>
          </params>
          <reporter-output>
          </reporter-output>
        </test-method> <!-- initialiseBrowser -->
        <test-method status="PASS" signature="verifyDuplicateTitleValidation()[pri:3, instance:com.obsqura.selenium.FinalProject.ExpenseCategoryNewButtonTest@5a955565]" name="verifyDuplicateTitleValidation" duration-ms="1586" started-at="2023-02-07T02:14:39Z" finished-at="2023-02-07T02:14:41Z">
          <reporter-output>
          </reporter-output>
        </test-method> <!-- verifyDuplicateTitleValidation -->
        <test-method status="PASS" signature="browserQuit(org.testng.ITestResult)[pri:0, instance:com.obsqura.selenium.FinalProject.ExpenseCategoryNewButtonTest@5a955565]" name="browserQuit" is-config="true" duration-ms="705" started-at="2023-02-07T02:14:41Z" finished-at="2023-02-07T02:14:41Z">
          <params>
            <param index="0">
              <value>
                <![CDATA[[TestResult name=verifyDuplicateTitleValidation status=SUCCESS method=ExpenseCategoryNewButtonTest.verifyDuplicateTitleValidation()[pri:3, instance:com.obsqura.selenium.FinalProject.ExpenseCategoryNewButtonTest@5a955565] output={null}]]]>
              </value>
            </param>
          </params>
          <reporter-output>
          </reporter-output>
        </test-method> <!-- browserQuit -->
      </class> <!-- com.obsqura.selenium.FinalProject.ExpenseCategoryNewButtonTest -->
      <class name="com.obsqura.selenium.FinalProject.ManagePagesFromDashboardTest">
        <test-method status="PASS" signature="initialiseBrowser(java.lang.String)[pri:0, instance:com.obsqura.selenium.FinalProject.ManagePagesFromDashboardTest@23986957]" name="initialiseBrowser" is-config="true" duration-ms="2133" started-at="2023-02-07T02:13:31Z" finished-at="2023-02-07T02:13:33Z">
          <params>
            <param index="0">
              <value>
                <![CDATA[chrome]]>
              </value>
            </param>
          </params>
          <reporter-output>
          </reporter-output>
        </test-method> <!-- initialiseBrowser -->
        <test-method status="PASS" signature="verifySearchInvalidData()[pri:1, instance:com.obsqura.selenium.FinalProject.ManagePagesFromDashboardTest@23986957]" name="verifySearchInvalidData" duration-ms="1521" started-at="2023-02-07T02:13:33Z" description="Search a valid data from table" finished-at="2023-02-07T02:13:34Z">
          <reporter-output>
          </reporter-output>
        </test-method> <!-- verifySearchInvalidData -->
        <test-method status="PASS" signature="browserQuit(org.testng.ITestResult)[pri:0, instance:com.obsqura.selenium.FinalProject.ManagePagesFromDashboardTest@23986957]" name="browserQuit" is-config="true" duration-ms="716" started-at="2023-02-07T02:13:34Z" finished-at="2023-02-07T02:13:35Z">
          <params>
            <param index="0">
              <value>
                <![CDATA[[TestResult name=verifySearchInvalidData status=SUCCESS method=ManagePagesFromDashboardTest.verifySearchInvalidData()[pri:1, instance:com.obsqura.selenium.FinalProject.ManagePagesFromDashboardTest@23986957] output={null}]]]>
              </value>
            </param>
          </params>
          <reporter-output>
          </reporter-output>
        </test-method> <!-- browserQuit -->
        <test-method status="PASS" signature="initialiseBrowser(java.lang.String)[pri:0, instance:com.obsqura.selenium.FinalProject.ManagePagesFromDashboardTest@23986957]" name="initialiseBrowser" is-config="true" duration-ms="2256" started-at="2023-02-07T02:14:18Z" finished-at="2023-02-07T02:14:20Z">
          <params>
            <param index="0">
              <value>
                <![CDATA[chrome]]>
              </value>
            </param>
          </params>
          <reporter-output>
          </reporter-output>
        </test-method> <!-- initialiseBrowser -->
        <test-method status="PASS" signature="verifySearchValidData()[pri:2, instance:com.obsqura.selenium.FinalProject.ManagePagesFromDashboardTest@23986957]" name="verifySearchValidData" duration-ms="1210" started-at="2023-02-07T02:14:20Z" description="Search an invalid data from table" finished-at="2023-02-07T02:14:22Z">
          <reporter-output>
          </reporter-output>
        </test-method> <!-- verifySearchValidData -->
        <test-method status="PASS" signature="browserQuit(org.testng.ITestResult)[pri:0, instance:com.obsqura.selenium.FinalProject.ManagePagesFromDashboardTest@23986957]" name="browserQuit" is-config="true" duration-ms="682" started-at="2023-02-07T02:14:22Z" finished-at="2023-02-07T02:14:22Z">
          <params>
            <param index="0">
              <value>
                <![CDATA[[TestResult name=verifySearchValidData status=SUCCESS method=ManagePagesFromDashboardTest.verifySearchValidData()[pri:2, instance:com.obsqura.selenium.FinalProject.ManagePagesFromDashboardTest@23986957] output={null}]]]>
              </value>
            </param>
          </params>
          <reporter-output>
          </reporter-output>
        </test-method> <!-- browserQuit -->
      </class> <!-- com.obsqura.selenium.FinalProject.ManagePagesFromDashboardTest -->
      <class name="com.obsqura.selenium.FinalProject.MobileSliderTest">
        <test-method status="PASS" signature="initialiseBrowser(java.lang.String)[pri:0, instance:com.obsqura.selenium.FinalProject.MobileSliderTest@7d3a22a9]" name="initialiseBrowser" is-config="true" duration-ms="3429" started-at="2023-02-07T02:13:06Z" finished-at="2023-02-07T02:13:10Z">
          <params>
            <param index="0">
              <value>
                <![CDATA[chrome]]>
              </value>
            </param>
          </params>
          <reporter-output>
          </reporter-output>
        </test-method> <!-- initialiseBrowser -->
        <test-method status="FAIL" signature="verifyCheckColumnHeaders()[pri:0, instance:com.obsqura.selenium.FinalProject.MobileSliderTest@7d3a22a9]" name="verifyCheckColumnHeaders" duration-ms="1901" started-at="2023-02-07T02:13:10Z" description="Verify headers of table" finished-at="2023-02-07T02:13:12Z">
          <exception class="org.openqa.selenium.ElementClickInterceptedException">
            <message>
              <![CDATA[element click intercepted: Element is not clickable at point (727, 735)
  (Session info: chrome=109.0.5414.120)
Build info: version: '4.7.2', revision: '4d4020c3b7'
System info: os.name: 'Windows 11', os.arch: 'amd64', os.version: '10.0', java.version: '1.8.0_361'
Driver info: org.openqa.selenium.chrome.ChromeDriver
Command: [b42b34471f79f58ef2f832ee7fa306ec, clickElement {id=679f04a7-932f-4869-b179-754dce101fee}]
Capabilities {acceptInsecureCerts: false, browserName: chrome, browserVersion: 109.0.5414.120, chrome: {chromedriverVersion: 108.0.5359.71 (1e0e3868ee06..., userDataDir: C:\Users\anjuc\AppData\Loca...}, goog:chromeOptions: {debuggerAddress: localhost:52188}, networkConnectionEnabled: false, pageLoadStrategy: normal, platformName: WINDOWS, proxy: Proxy(), se:cdp: ws://localhost:52188/devtoo..., se:cdpVersion: 109.0.5414.120, setWindowRect: true, strictFileInteractability: false, timeouts: {implicit: 0, pageLoad: 300000, script: 30000}, unhandledPromptBehavior: dismiss and notify, webauthn:extension:credBlob: true, webauthn:extension:largeBlob: true, webauthn:virtualAuthenticators: true}
Element: [[ChromeDriver: chrome on WINDOWS (b42b34471f79f58ef2f832ee7fa306ec)] -> xpath: //a[@href='https://groceryapp.uniqassosiates.com/admin/list-mobileslider' and @class='small-box-footer']]
Session ID: b42b34471f79f58ef2f832ee7fa306ec]]>
            </message>
            <full-stacktrace>
              <![CDATA[org.openqa.selenium.ElementClickInterceptedException: element click intercepted: Element is not clickable at point (727, 735)
  (Session info: chrome=109.0.5414.120)
Build info: version: '4.7.2', revision: '4d4020c3b7'
System info: os.name: 'Windows 11', os.arch: 'amd64', os.version: '10.0', java.version: '1.8.0_361'
Driver info: org.openqa.selenium.chrome.ChromeDriver
Command: [b42b34471f79f58ef2f832ee7fa306ec, clickElement {id=679f04a7-932f-4869-b179-754dce101fee}]
Capabilities {acceptInsecureCerts: false, browserName: chrome, browserVersion: 109.0.5414.120, chrome: {chromedriverVersion: 108.0.5359.71 (1e0e3868ee06..., userDataDir: C:\Users\anjuc\AppData\Loca...}, goog:chromeOptions: {debuggerAddress: localhost:52188}, networkConnectionEnabled: false, pageLoadStrategy: normal, platformName: WINDOWS, proxy: Proxy(), se:cdp: ws://localhost:52188/devtoo..., se:cdpVersion: 109.0.5414.120, setWindowRect: true, strictFileInteractability: false, timeouts: {implicit: 0, pageLoad: 300000, script: 30000}, unhandledPromptBehavior: dismiss and notify, webauthn:extension:credBlob: true, webauthn:extension:largeBlob: true, webauthn:virtualAuthenticators: true}
Element: [[ChromeDriver: chrome on WINDOWS (b42b34471f79f58ef2f832ee7fa306ec)] -> xpath: //a[@href='https://groceryapp.uniqassosiates.com/admin/list-mobileslider' and @class='small-box-footer']]
Session ID: b42b34471f79f58ef2f832ee7fa306ec
	at sun.reflect.NativeConstructorAccessorImpl.newInstance0(Native Method)
	at sun.reflect.NativeConstructorAccessorImpl.newInstance(Unknown Source)
	at sun.reflect.DelegatingConstructorAccessorImpl.newInstance(Unknown Source)
	at java.lang.reflect.Constructor.newInstance(Unknown Source)
	at org.openqa.selenium.remote.codec.w3c.W3CHttpResponseCodec.createException(W3CHttpResponseCodec.java:200)
	at org.openqa.selenium.remote.codec.w3c.W3CHttpResponseCodec.decode(W3CHttpResponseCodec.java:133)
	at org.openqa.selenium.remote.codec.w3c.W3CHttpResponseCodec.decode(W3CHttpResponseCodec.java:53)
	at org.openqa.selenium.remote.HttpCommandExecutor.execute(HttpCommandExecutor.java:184)
	at org.openqa.selenium.remote.service.DriverCommandExecutor.invokeExecute(DriverCommandExecutor.java:167)
	at org.openqa.selenium.remote.service.DriverCommandExecutor.execute(DriverCommandExecutor.java:142)
	at org.openqa.selenium.remote.RemoteWebDriver.execute(RemoteWebDriver.java:535)
	at org.openqa.selenium.remote.RemoteWebElement.execute(RemoteWebElement.java:257)
	at org.openqa.selenium.remote.RemoteWebElement.click(RemoteWebElement.java:78)
	at sun.reflect.GeneratedMethodAccessor2.invoke(Unknown Source)
	at sun.reflect.DelegatingMethodAccessorImpl.invoke(Unknown Source)
	at java.lang.reflect.Method.invoke(Unknown Source)
	at org.openqa.selenium.support.pagefactory.internal.LocatingElementHandler.invoke(LocatingElementHandler.java:52)
	at com.sun.proxy.$Proxy16.click(Unknown Source)
	at utilities.PageUtility.clickOnElement(PageUtility.java:11)
	at pages.MobileSliderPage.checkColumnHeaders(MobileSliderPage.java:54)
	at com.obsqura.selenium.FinalProject.MobileSliderTest.verifyCheckColumnHeaders(MobileSliderTest.java:21)
	at sun.reflect.NativeMethodAccessorImpl.invoke0(Native Method)
	at sun.reflect.NativeMethodAccessorImpl.invoke(Unknown Source)
	at sun.reflect.DelegatingMethodAccessorImpl.invoke(Unknown Source)
	at java.lang.reflect.Method.invoke(Unknown Source)
	at org.testng.internal.MethodInvocationHelper.invokeMethod(MethodInvocationHelper.java:108)
	at org.testng.internal.Invoker.invokeMethod(Invoker.java:661)
	at org.testng.internal.Invoker.invokeTestMethod(Invoker.java:869)
	at org.testng.internal.Invoker.invokeTestMethods(Invoker.java:1193)
	at org.testng.internal.TestMethodWorker.invokeTestMethods(TestMethodWorker.java:126)
	at org.testng.internal.TestMethodWorker.run(TestMethodWorker.java:109)
	at org.testng.TestRunner.privateRun(TestRunner.java:744)
	at org.testng.TestRunner.run(TestRunner.java:602)
	at org.testng.SuiteRunner.runTest(SuiteRunner.java:380)
	at org.testng.SuiteRunner.runSequentially(SuiteRunner.java:375)
	at org.testng.SuiteRunner.privateRun(SuiteRunner.java:340)
	at org.testng.SuiteRunner.run(SuiteRunner.java:289)
	at org.testng.SuiteRunnerWorker.runSuite(SuiteRunnerWorker.java:52)
	at org.testng.SuiteRunnerWorker.run(SuiteRunnerWorker.java:86)
	at org.testng.TestNG.runSuitesSequentially(TestNG.java:1301)
	at org.testng.TestNG.runSuitesLocally(TestNG.java:1226)
	at org.testng.TestNG.runSuites(TestNG.java:1144)
	at org.testng.TestNG.run(TestNG.java:1115)
	at org.testng.remote.AbstractRemoteTestNG.run(AbstractRemoteTestNG.java:132)
	at org.testng.remote.RemoteTestNG.initAndRun(RemoteTestNG.java:230)
	at org.testng.remote.RemoteTestNG.main(RemoteTestNG.java:76)
]]>
            </full-stacktrace>
          </exception> <!-- org.openqa.selenium.ElementClickInterceptedException -->
          <reporter-output>
          </reporter-output>
        </test-method> <!-- verifyCheckColumnHeaders -->
        <test-method status="PASS" signature="browserQuit(org.testng.ITestResult)[pri:0, instance:com.obsqura.selenium.FinalProject.MobileSliderTest@7d3a22a9]" name="browserQuit" is-config="true" duration-ms="892" started-at="2023-02-07T02:13:12Z" finished-at="2023-02-07T02:13:12Z">
          <params>
            <param index="0">
              <value>
                <![CDATA[[TestResult name=verifyCheckColumnHeaders status=FAILURE method=MobileSliderTest.verifyCheckColumnHeaders()[pri:0, instance:com.obsqura.selenium.FinalProject.MobileSliderTest@7d3a22a9] output={null}]]]>
              </value>
            </param>
          </params>
          <reporter-output>
          </reporter-output>
        </test-method> <!-- browserQuit -->
        <test-method status="PASS" signature="initialiseBrowser(java.lang.String)[pri:0, instance:com.obsqura.selenium.FinalProject.MobileSliderTest@7d3a22a9]" name="initialiseBrowser" is-config="true" duration-ms="2223" started-at="2023-02-07T02:13:59Z" finished-at="2023-02-07T02:14:01Z">
          <params>
            <param index="0">
              <value>
                <![CDATA[chrome]]>
              </value>
            </param>
          </params>
          <reporter-output>
          </reporter-output>
        </test-method> <!-- initialiseBrowser -->
        <test-method status="PASS" signature="verifyCheckButtonColors()[pri:1, instance:com.obsqura.selenium.FinalProject.MobileSliderTest@7d3a22a9]" name="verifyCheckButtonColors" duration-ms="1416" started-at="2023-02-07T02:14:01Z" description="Verify colors of buttons" finished-at="2023-02-07T02:14:03Z">
          <reporter-output>
          </reporter-output>
        </test-method> <!-- verifyCheckButtonColors -->
        <test-method status="PASS" signature="browserQuit(org.testng.ITestResult)[pri:0, instance:com.obsqura.selenium.FinalProject.MobileSliderTest@7d3a22a9]" name="browserQuit" is-config="true" duration-ms="705" started-at="2023-02-07T02:14:03Z" finished-at="2023-02-07T02:14:03Z">
          <params>
            <param index="0">
              <value>
                <![CDATA[[TestResult name=verifyCheckButtonColors status=SUCCESS method=MobileSliderTest.verifyCheckButtonColors()[pri:1, instance:com.obsqura.selenium.FinalProject.MobileSliderTest@7d3a22a9] output={null}]]]>
              </value>
            </param>
          </params>
          <reporter-output>
          </reporter-output>
        </test-method> <!-- browserQuit -->
        <test-method status="PASS" signature="initialiseBrowser(java.lang.String)[pri:0, instance:com.obsqura.selenium.FinalProject.MobileSliderTest@7d3a22a9]" name="initialiseBrowser" is-config="true" duration-ms="2206" started-at="2023-02-07T02:14:22Z" finished-at="2023-02-07T02:14:25Z">
          <params>
            <param index="0">
              <value>
                <![CDATA[chrome]]>
              </value>
            </param>
          </params>
          <reporter-output>
          </reporter-output>
        </test-method> <!-- initialiseBrowser -->
        <test-method status="FAIL" signature="VerifyAddNewSlider()[pri:2, instance:com.obsqura.selenium.FinalProject.MobileSliderTest@7d3a22a9]" name="VerifyAddNewSlider" duration-ms="1901" started-at="2023-02-07T02:14:25Z" description="Add a new slider and save" finished-at="2023-02-07T02:14:26Z">
          <exception class="org.openqa.selenium.ElementClickInterceptedException">
            <message>
              <![CDATA[element click intercepted: Element is not clickable at point (727, 731)
  (Session info: chrome=109.0.5414.120)
Build info: version: '4.7.2', revision: '4d4020c3b7'
System info: os.name: 'Windows 11', os.arch: 'amd64', os.version: '10.0', java.version: '1.8.0_361'
Driver info: org.openqa.selenium.chrome.ChromeDriver
Command: [39c7dd4362998da60c5ce3ed8854b778, clickElement {id=7f56d98f-e9bc-44ba-9b02-9f2081e9d538}]
Capabilities {acceptInsecureCerts: false, browserName: chrome, browserVersion: 109.0.5414.120, chrome: {chromedriverVersion: 108.0.5359.71 (1e0e3868ee06..., userDataDir: C:\Users\anjuc\AppData\Loca...}, goog:chromeOptions: {debuggerAddress: localhost:52557}, networkConnectionEnabled: false, pageLoadStrategy: normal, platformName: WINDOWS, proxy: Proxy(), se:cdp: ws://localhost:52557/devtoo..., se:cdpVersion: 109.0.5414.120, setWindowRect: true, strictFileInteractability: false, timeouts: {implicit: 0, pageLoad: 300000, script: 30000}, unhandledPromptBehavior: dismiss and notify, webauthn:extension:credBlob: true, webauthn:extension:largeBlob: true, webauthn:virtualAuthenticators: true}
Element: [[ChromeDriver: chrome on WINDOWS (39c7dd4362998da60c5ce3ed8854b778)] -> xpath: //a[@href='https://groceryapp.uniqassosiates.com/admin/list-mobileslider' and @class='small-box-footer']]
Session ID: 39c7dd4362998da60c5ce3ed8854b778]]>
            </message>
            <full-stacktrace>
              <![CDATA[org.openqa.selenium.ElementClickInterceptedException: element click intercepted: Element is not clickable at point (727, 731)
  (Session info: chrome=109.0.5414.120)
Build info: version: '4.7.2', revision: '4d4020c3b7'
System info: os.name: 'Windows 11', os.arch: 'amd64', os.version: '10.0', java.version: '1.8.0_361'
Driver info: org.openqa.selenium.chrome.ChromeDriver
Command: [39c7dd4362998da60c5ce3ed8854b778, clickElement {id=7f56d98f-e9bc-44ba-9b02-9f2081e9d538}]
Capabilities {acceptInsecureCerts: false, browserName: chrome, browserVersion: 109.0.5414.120, chrome: {chromedriverVersion: 108.0.5359.71 (1e0e3868ee06..., userDataDir: C:\Users\anjuc\AppData\Loca...}, goog:chromeOptions: {debuggerAddress: localhost:52557}, networkConnectionEnabled: false, pageLoadStrategy: normal, platformName: WINDOWS, proxy: Proxy(), se:cdp: ws://localhost:52557/devtoo..., se:cdpVersion: 109.0.5414.120, setWindowRect: true, strictFileInteractability: false, timeouts: {implicit: 0, pageLoad: 300000, script: 30000}, unhandledPromptBehavior: dismiss and notify, webauthn:extension:credBlob: true, webauthn:extension:largeBlob: true, webauthn:virtualAuthenticators: true}
Element: [[ChromeDriver: chrome on WINDOWS (39c7dd4362998da60c5ce3ed8854b778)] -> xpath: //a[@href='https://groceryapp.uniqassosiates.com/admin/list-mobileslider' and @class='small-box-footer']]
Session ID: 39c7dd4362998da60c5ce3ed8854b778
	at sun.reflect.NativeConstructorAccessorImpl.newInstance0(Native Method)
	at sun.reflect.NativeConstructorAccessorImpl.newInstance(Unknown Source)
	at sun.reflect.DelegatingConstructorAccessorImpl.newInstance(Unknown Source)
	at java.lang.reflect.Constructor.newInstance(Unknown Source)
	at org.openqa.selenium.remote.codec.w3c.W3CHttpResponseCodec.createException(W3CHttpResponseCodec.java:200)
	at org.openqa.selenium.remote.codec.w3c.W3CHttpResponseCodec.decode(W3CHttpResponseCodec.java:133)
	at org.openqa.selenium.remote.codec.w3c.W3CHttpResponseCodec.decode(W3CHttpResponseCodec.java:53)
	at org.openqa.selenium.remote.HttpCommandExecutor.execute(HttpCommandExecutor.java:184)
	at org.openqa.selenium.remote.service.DriverCommandExecutor.invokeExecute(DriverCommandExecutor.java:167)
	at org.openqa.selenium.remote.service.DriverCommandExecutor.execute(DriverCommandExecutor.java:142)
	at org.openqa.selenium.remote.RemoteWebDriver.execute(RemoteWebDriver.java:535)
	at org.openqa.selenium.remote.RemoteWebElement.execute(RemoteWebElement.java:257)
	at org.openqa.selenium.remote.RemoteWebElement.click(RemoteWebElement.java:78)
	at sun.reflect.GeneratedMethodAccessor2.invoke(Unknown Source)
	at sun.reflect.DelegatingMethodAccessorImpl.invoke(Unknown Source)
	at java.lang.reflect.Method.invoke(Unknown Source)
	at org.openqa.selenium.support.pagefactory.internal.LocatingElementHandler.invoke(LocatingElementHandler.java:52)
	at com.sun.proxy.$Proxy16.click(Unknown Source)
	at utilities.PageUtility.clickOnElement(PageUtility.java:11)
	at pages.MobileSliderPage.addNewSlider(MobileSliderPage.java:88)
	at com.obsqura.selenium.FinalProject.MobileSliderTest.VerifyAddNewSlider(MobileSliderTest.java:35)
	at sun.reflect.NativeMethodAccessorImpl.invoke0(Native Method)
	at sun.reflect.NativeMethodAccessorImpl.invoke(Unknown Source)
	at sun.reflect.DelegatingMethodAccessorImpl.invoke(Unknown Source)
	at java.lang.reflect.Method.invoke(Unknown Source)
	at org.testng.internal.MethodInvocationHelper.invokeMethod(MethodInvocationHelper.java:108)
	at org.testng.internal.Invoker.invokeMethod(Invoker.java:661)
	at org.testng.internal.Invoker.invokeTestMethod(Invoker.java:869)
	at org.testng.internal.Invoker.invokeTestMethods(Invoker.java:1193)
	at org.testng.internal.TestMethodWorker.invokeTestMethods(TestMethodWorker.java:126)
	at org.testng.internal.TestMethodWorker.run(TestMethodWorker.java:109)
	at org.testng.TestRunner.privateRun(TestRunner.java:744)
	at org.testng.TestRunner.run(TestRunner.java:602)
	at org.testng.SuiteRunner.runTest(SuiteRunner.java:380)
	at org.testng.SuiteRunner.runSequentially(SuiteRunner.java:375)
	at org.testng.SuiteRunner.privateRun(SuiteRunner.java:340)
	at org.testng.SuiteRunner.run(SuiteRunner.java:289)
	at org.testng.SuiteRunnerWorker.runSuite(SuiteRunnerWorker.java:52)
	at org.testng.SuiteRunnerWorker.run(SuiteRunnerWorker.java:86)
	at org.testng.TestNG.runSuitesSequentially(TestNG.java:1301)
	at org.testng.TestNG.runSuitesLocally(TestNG.java:1226)
	at org.testng.TestNG.runSuites(TestNG.java:1144)
	at org.testng.TestNG.run(TestNG.java:1115)
	at org.testng.remote.AbstractRemoteTestNG.run(AbstractRemoteTestNG.java:132)
	at org.testng.remote.RemoteTestNG.initAndRun(RemoteTestNG.java:230)
	at org.testng.remote.RemoteTestNG.main(RemoteTestNG.java:76)
]]>
            </full-stacktrace>
          </exception> <!-- org.openqa.selenium.ElementClickInterceptedException -->
          <reporter-output>
          </reporter-output>
        </test-method> <!-- VerifyAddNewSlider -->
        <test-method status="PASS" signature="browserQuit(org.testng.ITestResult)[pri:0, instance:com.obsqura.selenium.FinalProject.MobileSliderTest@7d3a22a9]" name="browserQuit" is-config="true" duration-ms="910" started-at="2023-02-07T02:14:27Z" finished-at="2023-02-07T02:14:27Z">
          <params>
            <param index="0">
              <value>
                <![CDATA[[TestResult name=VerifyAddNewSlider status=FAILURE method=MobileSliderTest.VerifyAddNewSlider()[pri:2, instance:com.obsqura.selenium.FinalProject.MobileSliderTest@7d3a22a9] output={null}]]]>
              </value>
            </param>
          </params>
          <reporter-output>
          </reporter-output>
        </test-method> <!-- browserQuit -->
      </class> <!-- com.obsqura.selenium.FinalProject.MobileSliderTest -->
      <class name="com.obsqura.selenium.FinalProject.ManageOrdersFromDashboardTTest">
        <test-method status="PASS" signature="initialiseBrowser(java.lang.String)[pri:0, instance:com.obsqura.selenium.FinalProject.ManageOrdersFromDashboardTTest@23f7d05d]" name="initialiseBrowser" is-config="true" duration-ms="2212" started-at="2023-02-07T02:12:57Z" finished-at="2023-02-07T02:12:59Z">
          <params>
            <param index="0">
              <value>
                <![CDATA[chrome]]>
              </value>
            </param>
          </params>
          <reporter-output>
          </reporter-output>
        </test-method> <!-- initialiseBrowser -->
        <test-method status="PASS" signature="verifyStatusColumnOptionColors()[pri:0, instance:com.obsqura.selenium.FinalProject.ManageOrdersFromDashboardTTest@23f7d05d]" name="verifyStatusColumnOptionColors" duration-ms="1500" started-at="2023-02-07T02:12:59Z" description="Verify status column options colors" finished-at="2023-02-07T02:13:01Z">
          <reporter-output>
          </reporter-output>
        </test-method> <!-- verifyStatusColumnOptionColors -->
        <test-method status="PASS" signature="browserQuit(org.testng.ITestResult)[pri:0, instance:com.obsqura.selenium.FinalProject.ManageOrdersFromDashboardTTest@23f7d05d]" name="browserQuit" is-config="true" duration-ms="720" started-at="2023-02-07T02:13:01Z" finished-at="2023-02-07T02:13:01Z">
          <params>
            <param index="0">
              <value>
                <![CDATA[[TestResult name=verifyStatusColumnOptionColors status=SUCCESS method=ManageOrdersFromDashboardTTest.verifyStatusColumnOptionColors()[pri:0, instance:com.obsqura.selenium.FinalProject.ManageOrdersFromDashboardTTest@23f7d05d] output={null}]]]>
              </value>
            </param>
          </params>
          <reporter-output>
          </reporter-output>
        </test-method> <!-- browserQuit -->
        <test-method status="PASS" signature="initialiseBrowser(java.lang.String)[pri:0, instance:com.obsqura.selenium.FinalProject.ManageOrdersFromDashboardTTest@23f7d05d]" name="initialiseBrowser" is-config="true" duration-ms="2173" started-at="2023-02-07T02:13:48Z" finished-at="2023-02-07T02:13:51Z">
          <params>
            <param index="0">
              <value>
                <![CDATA[chrome]]>
              </value>
            </param>
          </params>
          <reporter-output>
          </reporter-output>
        </test-method> <!-- initialiseBrowser -->
        <test-method status="PASS" signature="verifyClickViewButton()[pri:1, instance:com.obsqura.selenium.FinalProject.ManageOrdersFromDashboardTTest@23f7d05d]" name="verifyClickViewButton" duration-ms="2457" started-at="2023-02-07T02:13:51Z" description="Click view button and verify" finished-at="2023-02-07T02:13:53Z">
          <reporter-output>
          </reporter-output>
        </test-method> <!-- verifyClickViewButton -->
        <test-method status="PASS" signature="browserQuit(org.testng.ITestResult)[pri:0, instance:com.obsqura.selenium.FinalProject.ManageOrdersFromDashboardTTest@23f7d05d]" name="browserQuit" is-config="true" duration-ms="722" started-at="2023-02-07T02:13:53Z" finished-at="2023-02-07T02:13:54Z">
          <params>
            <param index="0">
              <value>
                <![CDATA[[TestResult name=verifyClickViewButton status=SUCCESS method=ManageOrdersFromDashboardTTest.verifyClickViewButton()[pri:1, instance:com.obsqura.selenium.FinalProject.ManageOrdersFromDashboardTTest@23f7d05d] output={null}]]]>
              </value>
            </param>
          </params>
          <reporter-output>
          </reporter-output>
        </test-method> <!-- browserQuit -->
        <test-method status="PASS" signature="initialiseBrowser(java.lang.String)[pri:0, instance:com.obsqura.selenium.FinalProject.ManageOrdersFromDashboardTTest@23f7d05d]" name="initialiseBrowser" is-config="true" duration-ms="2148" started-at="2023-02-07T02:14:27Z" finished-at="2023-02-07T02:14:30Z">
          <params>
            <param index="0">
              <value>
                <![CDATA[chrome]]>
              </value>
            </param>
          </params>
          <reporter-output>
          </reporter-output>
        </test-method> <!-- initialiseBrowser -->
        <test-method status="PASS" signature="verifyClickBackButtonFromViewScreen()[pri:2, instance:com.obsqura.selenium.FinalProject.ManageOrdersFromDashboardTTest@23f7d05d]" name="verifyClickBackButtonFromViewScreen" duration-ms="2256" started-at="2023-02-07T02:14:30Z" description="Click back button from view screen and verify" finished-at="2023-02-07T02:14:32Z">
          <reporter-output>
          </reporter-output>
        </test-method> <!-- verifyClickBackButtonFromViewScreen -->
        <test-method status="PASS" signature="browserQuit(org.testng.ITestResult)[pri:0, instance:com.obsqura.selenium.FinalProject.ManageOrdersFromDashboardTTest@23f7d05d]" name="browserQuit" is-config="true" duration-ms="674" started-at="2023-02-07T02:14:32Z" finished-at="2023-02-07T02:14:32Z">
          <params>
            <param index="0">
              <value>
                <![CDATA[[TestResult name=verifyClickBackButtonFromViewScreen status=SUCCESS method=ManageOrdersFromDashboardTTest.verifyClickBackButtonFromViewScreen()[pri:2, instance:com.obsqura.selenium.FinalProject.ManageOrdersFromDashboardTTest@23f7d05d] output={null}]]]>
              </value>
            </param>
          </params>
          <reporter-output>
          </reporter-output>
        </test-method> <!-- browserQuit -->
        <test-method status="PASS" signature="initialiseBrowser(java.lang.String)[pri:0, instance:com.obsqura.selenium.FinalProject.ManageOrdersFromDashboardTTest@23f7d05d]" name="initialiseBrowser" is-config="true" duration-ms="2241" started-at="2023-02-07T02:14:41Z" finished-at="2023-02-07T02:14:44Z">
          <params>
            <param index="0">
              <value>
                <![CDATA[chrome]]>
              </value>
            </param>
          </params>
          <reporter-output>
          </reporter-output>
        </test-method> <!-- initialiseBrowser -->
        <test-method status="PASS" signature="verifyDeleteOrder()[pri:3, instance:com.obsqura.selenium.FinalProject.ManageOrdersFromDashboardTTest@23f7d05d]" name="verifyDeleteOrder" duration-ms="1927" started-at="2023-02-07T02:14:44Z" description="Delete order and verify" finished-at="2023-02-07T02:14:46Z">
          <reporter-output>
          </reporter-output>
        </test-method> <!-- verifyDeleteOrder -->
        <test-method status="PASS" signature="browserQuit(org.testng.ITestResult)[pri:0, instance:com.obsqura.selenium.FinalProject.ManageOrdersFromDashboardTTest@23f7d05d]" name="browserQuit" is-config="true" duration-ms="692" started-at="2023-02-07T02:14:46Z" finished-at="2023-02-07T02:14:46Z">
          <params>
            <param index="0">
              <value>
                <![CDATA[[TestResult name=verifyDeleteOrder status=SUCCESS method=ManageOrdersFromDashboardTTest.verifyDeleteOrder()[pri:3, instance:com.obsqura.selenium.FinalProject.ManageOrdersFromDashboardTTest@23f7d05d] output={null}]]]>
              </value>
            </param>
          </params>
          <reporter-output>
          </reporter-output>
        </test-method> <!-- browserQuit -->
      </class> <!-- com.obsqura.selenium.FinalProject.ManageOrdersFromDashboardTTest -->
      <class name="com.obsqura.selenium.FinalProject.PushNotificationsTest">
        <test-method status="PASS" signature="initialiseBrowser(java.lang.String)[pri:0, instance:com.obsqura.selenium.FinalProject.PushNotificationsTest@1d082e88]" name="initialiseBrowser" is-config="true" duration-ms="2351" started-at="2023-02-07T02:13:12Z" finished-at="2023-02-07T02:13:15Z">
          <params>
            <param index="0">
              <value>
                <![CDATA[chrome]]>
              </value>
            </param>
          </params>
          <reporter-output>
          </reporter-output>
        </test-method> <!-- initialiseBrowser -->
        <test-method status="PASS" signature="verifyCheckTitleOfPage()[pri:0, instance:com.obsqura.selenium.FinalProject.PushNotificationsTest@1d082e88]" name="verifyCheckTitleOfPage" duration-ms="1064" started-at="2023-02-07T02:13:15Z" description="Verify page title" finished-at="2023-02-07T02:13:16Z">
          <reporter-output>
          </reporter-output>
        </test-method> <!-- verifyCheckTitleOfPage -->
        <test-method status="PASS" signature="browserQuit(org.testng.ITestResult)[pri:0, instance:com.obsqura.selenium.FinalProject.PushNotificationsTest@1d082e88]" name="browserQuit" is-config="true" duration-ms="666" started-at="2023-02-07T02:13:16Z" finished-at="2023-02-07T02:13:16Z">
          <params>
            <param index="0">
              <value>
                <![CDATA[[TestResult name=verifyCheckTitleOfPage status=SUCCESS method=PushNotificationsTest.verifyCheckTitleOfPage()[pri:0, instance:com.obsqura.selenium.FinalProject.PushNotificationsTest@1d082e88] output={null}]]]>
              </value>
            </param>
          </params>
          <reporter-output>
          </reporter-output>
        </test-method> <!-- browserQuit -->
        <test-method status="PASS" signature="initialiseBrowser(java.lang.String)[pri:0, instance:com.obsqura.selenium.FinalProject.PushNotificationsTest@1d082e88]" name="initialiseBrowser" is-config="true" duration-ms="2309" started-at="2023-02-07T02:14:03Z" finished-at="2023-02-07T02:14:06Z">
          <params>
            <param index="0">
              <value>
                <![CDATA[chrome]]>
              </value>
            </param>
          </params>
          <reporter-output>
          </reporter-output>
        </test-method> <!-- initialiseBrowser -->
        <test-method status="PASS" signature="verifySendNotification()[pri:1, instance:com.obsqura.selenium.FinalProject.PushNotificationsTest@1d082e88]" name="verifySendNotification" duration-ms="1989" started-at="2023-02-07T02:14:06Z" description="Send notification and verify" finished-at="2023-02-07T02:14:08Z">
          <reporter-output>
          </reporter-output>
        </test-method> <!-- verifySendNotification -->
        <test-method status="PASS" signature="browserQuit(org.testng.ITestResult)[pri:0, instance:com.obsqura.selenium.FinalProject.PushNotificationsTest@1d082e88]" name="browserQuit" is-config="true" duration-ms="687" started-at="2023-02-07T02:14:08Z" finished-at="2023-02-07T02:14:08Z">
          <params>
            <param index="0">
              <value>
                <![CDATA[[TestResult name=verifySendNotification status=SUCCESS method=PushNotificationsTest.verifySendNotification()[pri:1, instance:com.obsqura.selenium.FinalProject.PushNotificationsTest@1d082e88] output={null}]]]>
              </value>
            </param>
          </params>
          <reporter-output>
          </reporter-output>
        </test-method> <!-- browserQuit -->
        <test-method status="PASS" signature="initialiseBrowser(java.lang.String)[pri:0, instance:com.obsqura.selenium.FinalProject.PushNotificationsTest@1d082e88]" name="initialiseBrowser" is-config="true" duration-ms="2180" started-at="2023-02-07T02:14:32Z" finished-at="2023-02-07T02:14:35Z">
          <params>
            <param index="0">
              <value>
                <![CDATA[chrome]]>
              </value>
            </param>
          </params>
          <reporter-output>
          </reporter-output>
        </test-method> <!-- initialiseBrowser -->
        <test-method status="PASS" signature="verifyResetNotification()[pri:2, instance:com.obsqura.selenium.FinalProject.PushNotificationsTest@1d082e88]" name="verifyResetNotification" duration-ms="1419" started-at="2023-02-07T02:14:35Z" description="Reset notification and verify" finished-at="2023-02-07T02:14:36Z">
          <reporter-output>
          </reporter-output>
        </test-method> <!-- verifyResetNotification -->
        <test-method status="PASS" signature="browserQuit(org.testng.ITestResult)[pri:0, instance:com.obsqura.selenium.FinalProject.PushNotificationsTest@1d082e88]" name="browserQuit" is-config="true" duration-ms="698" started-at="2023-02-07T02:14:36Z" finished-at="2023-02-07T02:14:37Z">
          <params>
            <param index="0">
              <value>
                <![CDATA[[TestResult name=verifyResetNotification status=SUCCESS method=PushNotificationsTest.verifyResetNotification()[pri:2, instance:com.obsqura.selenium.FinalProject.PushNotificationsTest@1d082e88] output={null}]]]>
              </value>
            </param>
          </params>
          <reporter-output>
          </reporter-output>
        </test-method> <!-- browserQuit -->
      </class> <!-- com.obsqura.selenium.FinalProject.PushNotificationsTest -->
      <class name="com.obsqura.selenium.FinalProject.ManageLocationTest">
        <test-method status="PASS" signature="initialiseBrowser(java.lang.String)[pri:0, instance:com.obsqura.selenium.FinalProject.ManageLocationTest@f8c1ddd]" name="initialiseBrowser" is-config="true" duration-ms="2316" started-at="2023-02-07T02:12:38Z" finished-at="2023-02-07T02:12:40Z">
          <params>
            <param index="0">
              <value>
                <![CDATA[chrome]]>
              </value>
            </param>
          </params>
          <reporter-output>
          </reporter-output>
        </test-method> <!-- initialiseBrowser -->
        <test-method status="PASS" signature="verifyLocationAndDeliveryChargeFieldsDisplayedOrNot()[pri:0, instance:com.obsqura.selenium.FinalProject.ManageLocationTest@f8c1ddd]" name="verifyLocationAndDeliveryChargeFieldsDisplayedOrNot" duration-ms="1423" started-at="2023-02-07T02:12:40Z" description="Check if location and elivery charge fields displayed" finished-at="2023-02-07T02:12:42Z">
          <reporter-output>
          </reporter-output>
        </test-method> <!-- verifyLocationAndDeliveryChargeFieldsDisplayedOrNot -->
        <test-method status="PASS" signature="browserQuit(org.testng.ITestResult)[pri:0, instance:com.obsqura.selenium.FinalProject.ManageLocationTest@f8c1ddd]" name="browserQuit" is-config="true" duration-ms="704" started-at="2023-02-07T02:12:42Z" finished-at="2023-02-07T02:12:42Z">
          <params>
            <param index="0">
              <value>
                <![CDATA[[TestResult name=verifyLocationAndDeliveryChargeFieldsDisplayedOrNot status=SUCCESS method=ManageLocationTest.verifyLocationAndDeliveryChargeFieldsDisplayedOrNot()[pri:0, instance:com.obsqura.selenium.FinalProject.ManageLocationTest@f8c1ddd] output={null}]]]>
              </value>
            </param>
          </params>
          <reporter-output>
          </reporter-output>
        </test-method> <!-- browserQuit -->
        <test-method status="PASS" signature="initialiseBrowser(java.lang.String)[pri:0, instance:com.obsqura.selenium.FinalProject.ManageLocationTest@f8c1ddd]" name="initialiseBrowser" is-config="true" duration-ms="2221" started-at="2023-02-07T02:13:25Z" finished-at="2023-02-07T02:13:28Z">
          <params>
            <param index="0">
              <value>
                <![CDATA[chrome]]>
              </value>
            </param>
          </params>
          <reporter-output>
          </reporter-output>
        </test-method> <!-- initialiseBrowser -->
        <test-method status="PASS" signature="verifycreateNewLocation(java.lang.String, java.lang.String, java.lang.String)[pri:1, instance:com.obsqura.selenium.FinalProject.ManageLocationTest@f8c1ddd]" name="verifycreateNewLocation" duration-ms="2258" started-at="2023-02-07T02:13:28Z" description="Create new location and save" finished-at="2023-02-07T02:13:30Z">
          <params>
            <param index="0">
              <value>
                <![CDATA[United Kingdom]]>
              </value>
            </param>
            <param index="1">
              <value>
                <![CDATA[Kerala]]>
              </value>
            </param>
            <param index="2">
              <value>
                <![CDATA[250]]>
              </value>
            </param>
          </params>
          <reporter-output>
          </reporter-output>
        </test-method> <!-- verifycreateNewLocation -->
        <test-method status="PASS" signature="browserQuit(org.testng.ITestResult)[pri:0, instance:com.obsqura.selenium.FinalProject.ManageLocationTest@f8c1ddd]" name="browserQuit" is-config="true" duration-ms="696" started-at="2023-02-07T02:13:30Z" finished-at="2023-02-07T02:13:31Z">
          <params>
            <param index="0">
              <value>
                <![CDATA[[TestResult name=verifycreateNewLocation status=SUCCESS method=ManageLocationTest.verifycreateNewLocation(java.lang.String, java.lang.String, java.lang.String)[pri:1, instance:com.obsqura.selenium.FinalProject.ManageLocationTest@f8c1ddd] output={null}]]]>
              </value>
            </param>
          </params>
          <reporter-output>
          </reporter-output>
        </test-method> <!-- browserQuit -->
      </class> <!-- com.obsqura.selenium.FinalProject.ManageLocationTest -->
      <class name="com.obsqura.selenium.FinalProject.ManageSliderTest">
        <test-method status="PASS" signature="initialiseBrowser(java.lang.String)[pri:0, instance:com.obsqura.selenium.FinalProject.ManageSliderTest@1e730495]" name="initialiseBrowser" is-config="true" duration-ms="2275" started-at="2023-02-07T02:13:01Z" finished-at="2023-02-07T02:13:04Z">
          <params>
            <param index="0">
              <value>
                <![CDATA[chrome]]>
              </value>
            </param>
          </params>
          <reporter-output>
          </reporter-output>
        </test-method> <!-- initialiseBrowser -->
        <test-method status="PASS" signature="verifyAddSlider()[pri:0, instance:com.obsqura.selenium.FinalProject.ManageSliderTest@1e730495]" name="verifyAddSlider" duration-ms="1855" started-at="2023-02-07T02:13:04Z" description="Add a new slider and save" finished-at="2023-02-07T02:13:05Z">
          <reporter-output>
          </reporter-output>
        </test-method> <!-- verifyAddSlider -->
        <test-method status="PASS" signature="browserQuit(org.testng.ITestResult)[pri:0, instance:com.obsqura.selenium.FinalProject.ManageSliderTest@1e730495]" name="browserQuit" is-config="true" duration-ms="719" started-at="2023-02-07T02:13:05Z" finished-at="2023-02-07T02:13:06Z">
          <params>
            <param index="0">
              <value>
                <![CDATA[[TestResult name=verifyAddSlider status=SUCCESS method=ManageSliderTest.verifyAddSlider()[pri:0, instance:com.obsqura.selenium.FinalProject.ManageSliderTest@1e730495] output={null}]]]>
              </value>
            </param>
          </params>
          <reporter-output>
          </reporter-output>
        </test-method> <!-- browserQuit -->
        <test-method status="PASS" signature="initialiseBrowser(java.lang.String)[pri:0, instance:com.obsqura.selenium.FinalProject.ManageSliderTest@1e730495]" name="initialiseBrowser" is-config="true" duration-ms="2381" started-at="2023-02-07T02:13:54Z" finished-at="2023-02-07T02:13:56Z">
          <params>
            <param index="0">
              <value>
                <![CDATA[chrome]]>
              </value>
            </param>
          </params>
          <reporter-output>
          </reporter-output>
        </test-method> <!-- initialiseBrowser -->
        <test-method status="PASS" signature="verifyNavigateBackToHome()[pri:1, instance:com.obsqura.selenium.FinalProject.ManageSliderTest@1e730495]" name="verifyNavigateBackToHome" duration-ms="2125" started-at="2023-02-07T02:13:56Z" description="Navigate back to home page" finished-at="2023-02-07T02:13:58Z">
          <reporter-output>
          </reporter-output>
        </test-method> <!-- verifyNavigateBackToHome -->
        <test-method status="PASS" signature="browserQuit(org.testng.ITestResult)[pri:0, instance:com.obsqura.selenium.FinalProject.ManageSliderTest@1e730495]" name="browserQuit" is-config="true" duration-ms="717" started-at="2023-02-07T02:13:58Z" finished-at="2023-02-07T02:13:59Z">
          <params>
            <param index="0">
              <value>
                <![CDATA[[TestResult name=verifyNavigateBackToHome status=SUCCESS method=ManageSliderTest.verifyNavigateBackToHome()[pri:1, instance:com.obsqura.selenium.FinalProject.ManageSliderTest@1e730495] output={null}]]]>
              </value>
            </param>
          </params>
          <reporter-output>
          </reporter-output>
        </test-method> <!-- browserQuit -->
      </class> <!-- com.obsqura.selenium.FinalProject.ManageSliderTest -->
      <class name="com.obsqura.selenium.FinalProject.ExpenseCategoryPageTest">
        <test-method status="PASS" signature="initialiseBrowser(java.lang.String)[pri:0, instance:com.obsqura.selenium.FinalProject.ExpenseCategoryPageTest@6293abcc]" name="initialiseBrowser" is-config="true" duration-ms="2224" started-at="2023-02-07T02:12:17Z" finished-at="2023-02-07T02:12:19Z">
          <params>
            <param index="0">
              <value>
                <![CDATA[chrome]]>
              </value>
            </param>
          </params>
          <reporter-output>
          </reporter-output>
        </test-method> <!-- initialiseBrowser -->
        <test-method status="PASS" signature="verifyClickExpenseCategory()[pri:0, instance:com.obsqura.selenium.FinalProject.ExpenseCategoryPageTest@6293abcc]" name="verifyClickExpenseCategory" duration-ms="1361" started-at="2023-02-07T02:12:19Z" description="Click expense category and verify" finished-at="2023-02-07T02:12:21Z">
          <reporter-output>
          </reporter-output>
        </test-method> <!-- verifyClickExpenseCategory -->
        <test-method status="PASS" signature="browserQuit(org.testng.ITestResult)[pri:0, instance:com.obsqura.selenium.FinalProject.ExpenseCategoryPageTest@6293abcc]" name="browserQuit" is-config="true" duration-ms="659" started-at="2023-02-07T02:12:21Z" finished-at="2023-02-07T02:12:21Z">
          <params>
            <param index="0">
              <value>
                <![CDATA[[TestResult name=verifyClickExpenseCategory status=SUCCESS method=ExpenseCategoryPageTest.verifyClickExpenseCategory()[pri:0, instance:com.obsqura.selenium.FinalProject.ExpenseCategoryPageTest@6293abcc] output={null}]]]>
              </value>
            </param>
          </params>
          <reporter-output>
          </reporter-output>
        </test-method> <!-- browserQuit -->
      </class> <!-- com.obsqura.selenium.FinalProject.ExpenseCategoryPageTest -->
      <class name="com.obsqura.selenium.FinalProject.ManageDeliveryBoyTest">
        <test-method status="PASS" signature="initialiseBrowser(java.lang.String)[pri:0, instance:com.obsqura.selenium.FinalProject.ManageDeliveryBoyTest@7fc2413d]" name="initialiseBrowser" is-config="true" duration-ms="2309" started-at="2023-02-07T02:12:25Z" finished-at="2023-02-07T02:12:27Z">
          <params>
            <param index="0">
              <value>
                <![CDATA[chrome]]>
              </value>
            </param>
          </params>
          <reporter-output>
          </reporter-output>
        </test-method> <!-- initialiseBrowser -->
        <test-method status="FAIL" signature="VerifyCreateNewDeliveryBoy(java.lang.String, java.lang.String, java.lang.String, java.lang.String)[pri:0, instance:com.obsqura.selenium.FinalProject.ManageDeliveryBoyTest@7fc2413d]" name="VerifyCreateNewDeliveryBoy" duration-ms="3216" started-at="2023-02-07T02:12:27Z" description="Click new button and verify" data-provider="NewDeliveryBoyRecord" finished-at="2023-02-07T02:12:31Z">
          <params>
            <param index="0">
              <value>
                <![CDATA[John Samuel]]>
              </value>
            </param>
            <param index="1">
              <value>
                <![CDATA[john123@gmail.com]]>
              </value>
            </param>
            <param index="2">
              <value>
                <![CDATA[556485226]]>
              </value>
            </param>
            <param index="3">
              <value>
                <![CDATA[Sam villa,North carolina,Zip-45236]]>
              </value>
            </param>
          </params>
          <exception class="org.openqa.selenium.ElementClickInterceptedException">
            <message>
              <![CDATA[element click intercepted: Element is not clickable at point (334, 758)
  (Session info: chrome=109.0.5414.120)
Build info: version: '4.7.2', revision: '4d4020c3b7'
System info: os.name: 'Windows 11', os.arch: 'amd64', os.version: '10.0', java.version: '1.8.0_361'
Driver info: org.openqa.selenium.chrome.ChromeDriver
Command: [e95ac50f89d81579e020db54a90eb27b, clickElement {id=8c7a0ff1-edf0-4f3c-9488-1646dc906c59}]
Capabilities {acceptInsecureCerts: false, browserName: chrome, browserVersion: 109.0.5414.120, chrome: {chromedriverVersion: 108.0.5359.71 (1e0e3868ee06..., userDataDir: C:\Users\anjuc\AppData\Loca...}, goog:chromeOptions: {debuggerAddress: localhost:52009}, networkConnectionEnabled: false, pageLoadStrategy: normal, platformName: WINDOWS, proxy: Proxy(), se:cdp: ws://localhost:52009/devtoo..., se:cdpVersion: 109.0.5414.120, setWindowRect: true, strictFileInteractability: false, timeouts: {implicit: 0, pageLoad: 300000, script: 30000}, unhandledPromptBehavior: dismiss and notify, webauthn:extension:credBlob: true, webauthn:extension:largeBlob: true, webauthn:virtualAuthenticators: true}
Element: [[ChromeDriver: chrome on WINDOWS (e95ac50f89d81579e020db54a90eb27b)] -> xpath: //button[@type='submit']]
Session ID: e95ac50f89d81579e020db54a90eb27b]]>
            </message>
            <full-stacktrace>
              <![CDATA[org.openqa.selenium.ElementClickInterceptedException: element click intercepted: Element is not clickable at point (334, 758)
  (Session info: chrome=109.0.5414.120)
Build info: version: '4.7.2', revision: '4d4020c3b7'
System info: os.name: 'Windows 11', os.arch: 'amd64', os.version: '10.0', java.version: '1.8.0_361'
Driver info: org.openqa.selenium.chrome.ChromeDriver
Command: [e95ac50f89d81579e020db54a90eb27b, clickElement {id=8c7a0ff1-edf0-4f3c-9488-1646dc906c59}]
Capabilities {acceptInsecureCerts: false, browserName: chrome, browserVersion: 109.0.5414.120, chrome: {chromedriverVersion: 108.0.5359.71 (1e0e3868ee06..., userDataDir: C:\Users\anjuc\AppData\Loca...}, goog:chromeOptions: {debuggerAddress: localhost:52009}, networkConnectionEnabled: false, pageLoadStrategy: normal, platformName: WINDOWS, proxy: Proxy(), se:cdp: ws://localhost:52009/devtoo..., se:cdpVersion: 109.0.5414.120, setWindowRect: true, strictFileInteractability: false, timeouts: {implicit: 0, pageLoad: 300000, script: 30000}, unhandledPromptBehavior: dismiss and notify, webauthn:extension:credBlob: true, webauthn:extension:largeBlob: true, webauthn:virtualAuthenticators: true}
Element: [[ChromeDriver: chrome on WINDOWS (e95ac50f89d81579e020db54a90eb27b)] -> xpath: //button[@type='submit']]
Session ID: e95ac50f89d81579e020db54a90eb27b
	at sun.reflect.NativeConstructorAccessorImpl.newInstance0(Native Method)
	at sun.reflect.NativeConstructorAccessorImpl.newInstance(Unknown Source)
	at sun.reflect.DelegatingConstructorAccessorImpl.newInstance(Unknown Source)
	at java.lang.reflect.Constructor.newInstance(Unknown Source)
	at org.openqa.selenium.remote.codec.w3c.W3CHttpResponseCodec.createException(W3CHttpResponseCodec.java:200)
	at org.openqa.selenium.remote.codec.w3c.W3CHttpResponseCodec.decode(W3CHttpResponseCodec.java:133)
	at org.openqa.selenium.remote.codec.w3c.W3CHttpResponseCodec.decode(W3CHttpResponseCodec.java:53)
	at org.openqa.selenium.remote.HttpCommandExecutor.execute(HttpCommandExecutor.java:184)
	at org.openqa.selenium.remote.service.DriverCommandExecutor.invokeExecute(DriverCommandExecutor.java:167)
	at org.openqa.selenium.remote.service.DriverCommandExecutor.execute(DriverCommandExecutor.java:142)
	at org.openqa.selenium.remote.RemoteWebDriver.execute(RemoteWebDriver.java:535)
	at org.openqa.selenium.remote.RemoteWebElement.execute(RemoteWebElement.java:257)
	at org.openqa.selenium.remote.RemoteWebElement.click(RemoteWebElement.java:78)
	at sun.reflect.NativeMethodAccessorImpl.invoke0(Native Method)
	at sun.reflect.NativeMethodAccessorImpl.invoke(Unknown Source)
	at sun.reflect.DelegatingMethodAccessorImpl.invoke(Unknown Source)
	at java.lang.reflect.Method.invoke(Unknown Source)
	at org.openqa.selenium.support.pagefactory.internal.LocatingElementHandler.invoke(LocatingElementHandler.java:52)
	at com.sun.proxy.$Proxy16.click(Unknown Source)
	at utilities.PageUtility.clickOnElement(PageUtility.java:11)
	at pages.ManageDeliveryBoyPage.createNewDeliveryBoy(ManageDeliveryBoyPage.java:68)
	at com.obsqura.selenium.FinalProject.ManageDeliveryBoyTest.VerifyCreateNewDeliveryBoy(ManageDeliveryBoyTest.java:21)
	at sun.reflect.NativeMethodAccessorImpl.invoke0(Native Method)
	at sun.reflect.NativeMethodAccessorImpl.invoke(Unknown Source)
	at sun.reflect.DelegatingMethodAccessorImpl.invoke(Unknown Source)
	at java.lang.reflect.Method.invoke(Unknown Source)
	at org.testng.internal.MethodInvocationHelper.invokeMethod(MethodInvocationHelper.java:108)
	at org.testng.internal.Invoker.invokeMethod(Invoker.java:661)
	at org.testng.internal.Invoker.invokeTestMethod(Invoker.java:869)
	at org.testng.internal.Invoker.invokeTestMethods(Invoker.java:1193)
	at org.testng.internal.TestMethodWorker.invokeTestMethods(TestMethodWorker.java:126)
	at org.testng.internal.TestMethodWorker.run(TestMethodWorker.java:109)
	at org.testng.TestRunner.privateRun(TestRunner.java:744)
	at org.testng.TestRunner.run(TestRunner.java:602)
	at org.testng.SuiteRunner.runTest(SuiteRunner.java:380)
	at org.testng.SuiteRunner.runSequentially(SuiteRunner.java:375)
	at org.testng.SuiteRunner.privateRun(SuiteRunner.java:340)
	at org.testng.SuiteRunner.run(SuiteRunner.java:289)
	at org.testng.SuiteRunnerWorker.runSuite(SuiteRunnerWorker.java:52)
	at org.testng.SuiteRunnerWorker.run(SuiteRunnerWorker.java:86)
	at org.testng.TestNG.runSuitesSequentially(TestNG.java:1301)
	at org.testng.TestNG.runSuitesLocally(TestNG.java:1226)
	at org.testng.TestNG.runSuites(TestNG.java:1144)
	at org.testng.TestNG.run(TestNG.java:1115)
	at org.testng.remote.AbstractRemoteTestNG.run(AbstractRemoteTestNG.java:132)
	at org.testng.remote.RemoteTestNG.initAndRun(RemoteTestNG.java:230)
	at org.testng.remote.RemoteTestNG.main(RemoteTestNG.java:76)
]]>
            </full-stacktrace>
          </exception> <!-- org.openqa.selenium.ElementClickInterceptedException -->
          <reporter-output>
          </reporter-output>
        </test-method> <!-- VerifyCreateNewDeliveryBoy -->
        <test-method status="PASS" signature="browserQuit(org.testng.ITestResult)[pri:0, instance:com.obsqura.selenium.FinalProject.ManageDeliveryBoyTest@7fc2413d]" name="browserQuit" is-config="true" duration-ms="960" started-at="2023-02-07T02:12:31Z" finished-at="2023-02-07T02:12:32Z">
          <params>
            <param index="0">
              <value>
                <![CDATA[[TestResult name=VerifyCreateNewDeliveryBoy status=FAILURE method=ManageDeliveryBoyTest.VerifyCreateNewDeliveryBoy(java.lang.String, java.lang.String, java.lang.String, java.lang.String)[pri:0, instance:com.obsqura.selenium.FinalProject.ManageDeliveryBoyTest@7fc2413d] output={null}]]]>
              </value>
            </param>
          </params>
          <reporter-output>
          </reporter-output>
        </test-method> <!-- browserQuit -->
        <test-method status="PASS" signature="initialiseBrowser(java.lang.String)[pri:0, instance:com.obsqura.selenium.FinalProject.ManageDeliveryBoyTest@7fc2413d]" name="initialiseBrowser" is-config="true" duration-ms="2382" started-at="2023-02-07T02:12:32Z" finished-at="2023-02-07T02:12:34Z">
          <params>
            <param index="0">
              <value>
                <![CDATA[chrome]]>
              </value>
            </param>
          </params>
          <reporter-output>
          </reporter-output>
        </test-method> <!-- initialiseBrowser -->
        <test-method status="FAIL" signature="VerifyCreateNewDeliveryBoy(java.lang.String, java.lang.String, java.lang.String, java.lang.String)[pri:0, instance:com.obsqura.selenium.FinalProject.ManageDeliveryBoyTest@7fc2413d]" name="VerifyCreateNewDeliveryBoy" duration-ms="3192" started-at="2023-02-07T02:12:34Z" description="Click new button and verify" data-provider="NewDeliveryBoyRecord" finished-at="2023-02-07T02:12:37Z">
          <params>
            <param index="0">
              <value>
                <![CDATA[George Antony]]>
              </value>
            </param>
            <param index="1">
              <value>
                <![CDATA[anto@gmail.com]]>
              </value>
            </param>
            <param index="2">
              <value>
                <![CDATA[445255694]]>
              </value>
            </param>
            <param index="3">
              <value>
                <![CDATA[Leo mansion,ontario,zip-425569]]>
              </value>
            </param>
          </params>
          <exception class="org.openqa.selenium.ElementClickInterceptedException">
            <message>
              <![CDATA[element click intercepted: Element is not clickable at point (334, 748)
  (Session info: chrome=109.0.5414.120)
Build info: version: '4.7.2', revision: '4d4020c3b7'
System info: os.name: 'Windows 11', os.arch: 'amd64', os.version: '10.0', java.version: '1.8.0_361'
Driver info: org.openqa.selenium.chrome.ChromeDriver
Command: [8b3dec6ff40625564d3a7a732f2ebced, clickElement {id=cff897b9-209b-4770-832e-60728eaac169}]
Capabilities {acceptInsecureCerts: false, browserName: chrome, browserVersion: 109.0.5414.120, chrome: {chromedriverVersion: 108.0.5359.71 (1e0e3868ee06..., userDataDir: C:\Users\anjuc\AppData\Loca...}, goog:chromeOptions: {debuggerAddress: localhost:52031}, networkConnectionEnabled: false, pageLoadStrategy: normal, platformName: WINDOWS, proxy: Proxy(), se:cdp: ws://localhost:52031/devtoo..., se:cdpVersion: 109.0.5414.120, setWindowRect: true, strictFileInteractability: false, timeouts: {implicit: 0, pageLoad: 300000, script: 30000}, unhandledPromptBehavior: dismiss and notify, webauthn:extension:credBlob: true, webauthn:extension:largeBlob: true, webauthn:virtualAuthenticators: true}
Element: [[ChromeDriver: chrome on WINDOWS (8b3dec6ff40625564d3a7a732f2ebced)] -> xpath: //button[@type='submit']]
Session ID: 8b3dec6ff40625564d3a7a732f2ebced]]>
            </message>
            <full-stacktrace>
              <![CDATA[org.openqa.selenium.ElementClickInterceptedException: element click intercepted: Element is not clickable at point (334, 748)
  (Session info: chrome=109.0.5414.120)
Build info: version: '4.7.2', revision: '4d4020c3b7'
System info: os.name: 'Windows 11', os.arch: 'amd64', os.version: '10.0', java.version: '1.8.0_361'
Driver info: org.openqa.selenium.chrome.ChromeDriver
Command: [8b3dec6ff40625564d3a7a732f2ebced, clickElement {id=cff897b9-209b-4770-832e-60728eaac169}]
Capabilities {acceptInsecureCerts: false, browserName: chrome, browserVersion: 109.0.5414.120, chrome: {chromedriverVersion: 108.0.5359.71 (1e0e3868ee06..., userDataDir: C:\Users\anjuc\AppData\Loca...}, goog:chromeOptions: {debuggerAddress: localhost:52031}, networkConnectionEnabled: false, pageLoadStrategy: normal, platformName: WINDOWS, proxy: Proxy(), se:cdp: ws://localhost:52031/devtoo..., se:cdpVersion: 109.0.5414.120, setWindowRect: true, strictFileInteractability: false, timeouts: {implicit: 0, pageLoad: 300000, script: 30000}, unhandledPromptBehavior: dismiss and notify, webauthn:extension:credBlob: true, webauthn:extension:largeBlob: true, webauthn:virtualAuthenticators: true}
Element: [[ChromeDriver: chrome on WINDOWS (8b3dec6ff40625564d3a7a732f2ebced)] -> xpath: //button[@type='submit']]
Session ID: 8b3dec6ff40625564d3a7a732f2ebced
	at sun.reflect.NativeConstructorAccessorImpl.newInstance0(Native Method)
	at sun.reflect.NativeConstructorAccessorImpl.newInstance(Unknown Source)
	at sun.reflect.DelegatingConstructorAccessorImpl.newInstance(Unknown Source)
	at java.lang.reflect.Constructor.newInstance(Unknown Source)
	at org.openqa.selenium.remote.codec.w3c.W3CHttpResponseCodec.createException(W3CHttpResponseCodec.java:200)
	at org.openqa.selenium.remote.codec.w3c.W3CHttpResponseCodec.decode(W3CHttpResponseCodec.java:133)
	at org.openqa.selenium.remote.codec.w3c.W3CHttpResponseCodec.decode(W3CHttpResponseCodec.java:53)
	at org.openqa.selenium.remote.HttpCommandExecutor.execute(HttpCommandExecutor.java:184)
	at org.openqa.selenium.remote.service.DriverCommandExecutor.invokeExecute(DriverCommandExecutor.java:167)
	at org.openqa.selenium.remote.service.DriverCommandExecutor.execute(DriverCommandExecutor.java:142)
	at org.openqa.selenium.remote.RemoteWebDriver.execute(RemoteWebDriver.java:535)
	at org.openqa.selenium.remote.RemoteWebElement.execute(RemoteWebElement.java:257)
	at org.openqa.selenium.remote.RemoteWebElement.click(RemoteWebElement.java:78)
	at sun.reflect.GeneratedMethodAccessor2.invoke(Unknown Source)
	at sun.reflect.DelegatingMethodAccessorImpl.invoke(Unknown Source)
	at java.lang.reflect.Method.invoke(Unknown Source)
	at org.openqa.selenium.support.pagefactory.internal.LocatingElementHandler.invoke(LocatingElementHandler.java:52)
	at com.sun.proxy.$Proxy16.click(Unknown Source)
	at utilities.PageUtility.clickOnElement(PageUtility.java:11)
	at pages.ManageDeliveryBoyPage.createNewDeliveryBoy(ManageDeliveryBoyPage.java:68)
	at com.obsqura.selenium.FinalProject.ManageDeliveryBoyTest.VerifyCreateNewDeliveryBoy(ManageDeliveryBoyTest.java:21)
	at sun.reflect.NativeMethodAccessorImpl.invoke0(Native Method)
	at sun.reflect.NativeMethodAccessorImpl.invoke(Unknown Source)
	at sun.reflect.DelegatingMethodAccessorImpl.invoke(Unknown Source)
	at java.lang.reflect.Method.invoke(Unknown Source)
	at org.testng.internal.MethodInvocationHelper.invokeMethod(MethodInvocationHelper.java:108)
	at org.testng.internal.Invoker.invokeMethod(Invoker.java:661)
	at org.testng.internal.Invoker.invokeTestMethod(Invoker.java:869)
	at org.testng.internal.Invoker.invokeTestMethods(Invoker.java:1193)
	at org.testng.internal.TestMethodWorker.invokeTestMethods(TestMethodWorker.java:126)
	at org.testng.internal.TestMethodWorker.run(TestMethodWorker.java:109)
	at org.testng.TestRunner.privateRun(TestRunner.java:744)
	at org.testng.TestRunner.run(TestRunner.java:602)
	at org.testng.SuiteRunner.runTest(SuiteRunner.java:380)
	at org.testng.SuiteRunner.runSequentially(SuiteRunner.java:375)
	at org.testng.SuiteRunner.privateRun(SuiteRunner.java:340)
	at org.testng.SuiteRunner.run(SuiteRunner.java:289)
	at org.testng.SuiteRunnerWorker.runSuite(SuiteRunnerWorker.java:52)
	at org.testng.SuiteRunnerWorker.run(SuiteRunnerWorker.java:86)
	at org.testng.TestNG.runSuitesSequentially(TestNG.java:1301)
	at org.testng.TestNG.runSuitesLocally(TestNG.java:1226)
	at org.testng.TestNG.runSuites(TestNG.java:1144)
	at org.testng.TestNG.run(TestNG.java:1115)
	at org.testng.remote.AbstractRemoteTestNG.run(AbstractRemoteTestNG.java:132)
	at org.testng.remote.RemoteTestNG.initAndRun(RemoteTestNG.java:230)
	at org.testng.remote.RemoteTestNG.main(RemoteTestNG.java:76)
]]>
            </full-stacktrace>
          </exception> <!-- org.openqa.selenium.ElementClickInterceptedException -->
          <reporter-output>
          </reporter-output>
        </test-method> <!-- VerifyCreateNewDeliveryBoy -->
        <test-method status="PASS" signature="browserQuit(org.testng.ITestResult)[pri:0, instance:com.obsqura.selenium.FinalProject.ManageDeliveryBoyTest@7fc2413d]" name="browserQuit" is-config="true" duration-ms="911" started-at="2023-02-07T02:12:37Z" finished-at="2023-02-07T02:12:38Z">
          <params>
            <param index="0">
              <value>
                <![CDATA[[TestResult name=VerifyCreateNewDeliveryBoy status=FAILURE method=ManageDeliveryBoyTest.VerifyCreateNewDeliveryBoy(java.lang.String, java.lang.String, java.lang.String, java.lang.String)[pri:0, instance:com.obsqura.selenium.FinalProject.ManageDeliveryBoyTest@7fc2413d] output={null}]]]>
              </value>
            </param>
          </params>
          <reporter-output>
          </reporter-output>
        </test-method> <!-- browserQuit -->
      </class> <!-- com.obsqura.selenium.FinalProject.ManageDeliveryBoyTest -->
      <class name="com.obsqura.selenium.FinalProject.ManageNewsTest">
        <test-method status="PASS" signature="initialiseBrowser(java.lang.String)[pri:0, instance:com.obsqura.selenium.FinalProject.ManageNewsTest@4c15e7fd]" name="initialiseBrowser" is-config="true" duration-ms="2267" started-at="2023-02-07T02:12:52Z" finished-at="2023-02-07T02:12:54Z">
          <params>
            <param index="0">
              <value>
                <![CDATA[chrome]]>
              </value>
            </param>
          </params>
          <reporter-output>
          </reporter-output>
        </test-method> <!-- initialiseBrowser -->
[...]
        <test-method status="FAIL" signature="verifyTodaysDateInDateField()[pri:1, instance:com.obsqura.selenium.FinalProject.ManageExpenseFromDashboardTest@70be0a2b]" name="verifyTodaysDateInDateField" duration-ms="1842" started-at="2023-02-07T02:13:46Z" description="Check if the date field have today&#039;s date by default" finished-at="2023-02-07T02:13:48Z">
          <exception class="org.openqa.selenium.ElementClickInterceptedException">
            <message>
              <![CDATA[element click intercepted: Element is not clickable at point (1354, 731)
  (Session info: chrome=109.0.5414.120)
Build info: version: '4.7.2', revision: '4d4020c3b7'
System info: os.name: 'Windows 11', os.arch: 'amd64', os.version: '10.0', java.version: '1.8.0_361'
Driver info: org.openqa.selenium.chrome.ChromeDriver
Command: [c194cfcbc542df3aa191f3c5925d3f34, clickElement {id=ed874a46-acf4-4710-be84-9532276c0656}]
Capabilities {acceptInsecureCerts: false, browserName: chrome, browserVersion: 109.0.5414.120, chrome: {chromedriverVersion: 108.0.5359.71 (1e0e3868ee06..., userDataDir: C:\Users\anjuc\AppData\Loca...}, goog:chromeOptions: {debuggerAddress: localhost:52367}, networkConnectionEnabled: false, pageLoadStrategy: normal, platformName: WINDOWS, proxy: Proxy(), se:cdp: ws://localhost:52367/devtoo..., se:cdpVersion: 109.0.5414.120, setWindowRect: true, strictFileInteractability: false, timeouts: {implicit: 0, pageLoad: 300000, script: 30000}, unhandledPromptBehavior: dismiss and notify, webauthn:extension:credBlob: true, webauthn:extension:largeBlob: true, webauthn:virtualAuthenticators: true}
Element: [[ChromeDriver: chrome on WINDOWS (c194cfcbc542df3aa191f3c5925d3f34)] -> xpath: //a[@href='https://groceryapp.uniqassosiates.com/admin/expense']]
Session ID: c194cfcbc542df3aa191f3c5925d3f34]]>
            </message>
            <full-stacktrace>
              <![CDATA[org.openqa.selenium.ElementClickInterceptedException: element click intercepted: Element is not clickable at point (1354, 731)
  (Session info: chrome=109.0.5414.120)
Build info: version: '4.7.2', revision: '4d4020c3b7'
System info: os.name: 'Windows 11', os.arch: 'amd64', os.version: '10.0', java.version: '1.8.0_361'
Driver info: org.openqa.selenium.chrome.ChromeDriver
Command: [c194cfcbc542df3aa191f3c5925d3f34, clickElement {id=ed874a46-acf4-4710-be84-9532276c0656}]
Capabilities {acceptInsecureCerts: false, browserName: chrome, browserVersion: 109.0.5414.120, chrome: {chromedriverVersion: 108.0.5359.71 (1e0e3868ee06..., userDataDir: C:\Users\anjuc\AppData\Loca...}, goog:chromeOptions: {debuggerAddress: localhost:52367}, networkConnectionEnabled: false, pageLoadStrategy: normal, platformName: WINDOWS, proxy: Proxy(), se:cdp: ws://localhost:52367/devtoo..., se:cdpVersion: 109.0.5414.120, setWindowRect: true, strictFileInteractability: false, timeouts: {implicit: 0, pageLoad: 300000, script: 30000}, unhandledPromptBehavior: dismiss and notify, webauthn:extension:credBlob: true, webauthn:extension:largeBlob: true, webauthn:virtualAuthenticators: true}
Element: [[ChromeDriver: chrome on WINDOWS (c194cfcbc542df3aa191f3c5925d3f34)] -> xpath: //a[@href='https://groceryapp.uniqassosiates.com/admin/expense']]
Session ID: c194cfcbc542df3aa191f3c5925d3f34
	at sun.reflect.NativeConstructorAccessorImpl.newInstance0(Native Method)
	at sun.reflect.NativeConstructorAccessorImpl.newInstance(Unknown Source)
	at sun.reflect.DelegatingConstructorAccessorImpl.newInstance(Unknown Source)
	at java.lang.reflect.Constructor.newInstance(Unknown Source)
	at org.openqa.selenium.remote.codec.w3c.W3CHttpResponseCodec.createException(W3CHttpResponseCodec.java:200)
	at org.openqa.selenium.remote.codec.w3c.W3CHttpResponseCodec.decode(W3CHttpResponseCodec.java:133)
	at org.openqa.selenium.remote.codec.w3c.W3CHttpResponseCodec.decode(W3CHttpResponseCodec.java:53)
	at org.openqa.selenium.remote.HttpCommandExecutor.execute(HttpCommandExecutor.java:184)
	at org.openqa.selenium.remote.service.DriverCommandExecutor.invokeExecute(DriverCommandExecutor.java:167)
	at org.openqa.selenium.remote.service.DriverCommandExecutor.execute(DriverCommandExecutor.java:142)
	at org.openqa.selenium.remote.RemoteWebDriver.execute(RemoteWebDriver.java:535)
	at org.openqa.selenium.remote.RemoteWebElement.execute(RemoteWebElement.java:257)
	at org.openqa.selenium.remote.RemoteWebElement.click(RemoteWebElement.java:78)
	at sun.reflect.GeneratedMethodAccessor2.invoke(Unknown Source)
	at sun.reflect.DelegatingMethodAccessorImpl.invoke(Unknown Source)
	at java.lang.reflect.Method.invoke(Unknown Source)
	at org.openqa.selenium.support.pagefactory.internal.LocatingElementHandler.invoke(LocatingElementHandler.java:52)
	at com.sun.proxy.$Proxy16.click(Unknown Source)
	at utilities.PageUtility.clickOnElement(PageUtility.java:11)
	at pages.ManageExpenseFromDashboard.checkTodaysDateInDateField(ManageExpenseFromDashboard.java:73)
	at com.obsqura.selenium.FinalProject.ManageExpenseFromDashboardTest.verifyTodaysDateInDateField(ManageExpenseFromDashboardTest.java:20)
	at sun.reflect.NativeMethodAccessorImpl.invoke0(Native Method)
	at sun.reflect.NativeMethodAccessorImpl.invoke(Unknown Source)
	at sun.reflect.DelegatingMethodAccessorImpl.invoke(Unknown Source)
	at java.lang.reflect.Method.invoke(Unknown Source)
	at org.testng.internal.MethodInvocationHelper.invokeMethod(MethodInvocationHelper.java:108)
	at org.testng.internal.Invoker.invokeMethod(Invoker.java:661)
	at org.testng.internal.Invoker.invokeTestMethod(Invoker.java:869)
	at org.testng.internal.Invoker.invokeTestMethods(Invoker.java:1193)
	at org.testng.internal.TestMethodWorker.invokeTestMethods(TestMethodWorker.java:126)
	at org.testng.internal.TestMethodWorker.run(TestMethodWorker.java:109)
	at org.testng.TestRunner.privateRun(TestRunner.java:744)
	at org.testng.TestRunner.run(TestRunner.java:602)
	at org.testng.SuiteRunner.runTest(SuiteRunner.java:380)
	at org.testng.SuiteRunner.runSequentially(SuiteRunner.java:375)
	at org.testng.SuiteRunner.privateRun(SuiteRunner.java:340)
	at org.testng.SuiteRunner.run(SuiteRunner.java:289)
	at org.testng.SuiteRunnerWorker.runSuite(SuiteRunnerWorker.java:52)
	at org.testng.SuiteRunnerWorker.run(SuiteRunnerWorker.java:86)
	at org.testng.TestNG.runSuitesSequentially(TestNG.java:1301)
	at org.testng.TestNG.runSuitesLocally(TestNG.java:1226)
	at org.testng.TestNG.runSuites(TestNG.java:1144)
	at org.testng.TestNG.run(TestNG.java:1115)
	at org.testng.remote.AbstractRemoteTestNG.run(AbstractRemoteTestNG.java:132)
	at org.testng.remote.RemoteTestNG.initAndRun(RemoteTestNG.java:230)
	at org.testng.remote.RemoteTestNG.main(RemoteTestNG.java:76)
]]>
            </full-stacktrace>
          </exception> <!-- org.openqa.selenium.ElementClickInterceptedException -->
          <reporter-output>
          </reporter-output>
        </test-method> <!-- verifyTodaysDateInDateField -->
        <test-method status="PASS" signature="browserQuit(org.testng.ITestResult)[pri:0, instance:com.obsqura.selenium.FinalProject.ManageExpenseFromDashboardTest@70be0a2b]" name="browserQuit" is-config="true" duration-ms="877" started-at="2023-02-07T02:13:48Z" finished-at="2023-02-07T02:13:48Z">
          <params>
            <param index="0">
              <value>
                <![CDATA[[TestResult name=verifyTodaysDateInDateField status=FAILURE method=ManageExpenseFromDashboardTest.verifyTodaysDateInDateField()[pri:1, instance:com.obsqura.selenium.FinalProject.ManageExpenseFromDashboardTest@70be0a2b] output={null}]]]>
              </value>
            </param>
          </params>
          <reporter-output>
          </reporter-output>
        </test-method> <!-- browserQuit -->
        <test-method status="PASS" signature="initialiseBrowser(java.lang.String)[pri:0, instance:com.obsqura.selenium.FinalProject.ManageExpenseFromDashboardTest@70be0a2b]" name="initialiseBrowser" is-config="true" duration-ms="2282" started-at="2023-02-07T02:14:13Z" finished-at="2023-02-07T02:14:15Z">
          <params>
            <param index="0">
              <value>
                <![CDATA[chrome]]>
              </value>
            </param>
          </params>
          <reporter-output>
          </reporter-output>
        </test-method> <!-- initialiseBrowser -->
        <test-method status="FAIL" signature="verifySelectDateFromCalendar()[pri:2, instance:com.obsqura.selenium.FinalProject.ManageExpenseFromDashboardTest@70be0a2b]" name="verifySelectDateFromCalendar" duration-ms="1872" started-at="2023-02-07T02:14:15Z" description="Select another date from calendar and save" finished-at="2023-02-07T02:14:17Z">
          <exception class="org.openqa.selenium.ElementClickInterceptedException">
            <message>
              <![CDATA[element click intercepted: Element is not clickable at point (1354, 711)
  (Session info: chrome=109.0.5414.120)
Build info: version: '4.7.2', revision: '4d4020c3b7'
System info: os.name: 'Windows 11', os.arch: 'amd64', os.version: '10.0', java.version: '1.8.0_361'
Driver info: org.openqa.selenium.chrome.ChromeDriver
Command: [61f011851ac7cc54158b2b1f6f30ae6e, clickElement {id=54bb0517-1ff7-4f31-985f-9188ef9a981e}]
Capabilities {acceptInsecureCerts: false, browserName: chrome, browserVersion: 109.0.5414.120, chrome: {chromedriverVersion: 108.0.5359.71 (1e0e3868ee06..., userDataDir: C:\Users\anjuc\AppData\Loca...}, goog:chromeOptions: {debuggerAddress: localhost:52510}, networkConnectionEnabled: false, pageLoadStrategy: normal, platformName: WINDOWS, proxy: Proxy(), se:cdp: ws://localhost:52510/devtoo..., se:cdpVersion: 109.0.5414.120, setWindowRect: true, strictFileInteractability: false, timeouts: {implicit: 0, pageLoad: 300000, script: 30000}, unhandledPromptBehavior: dismiss and notify, webauthn:extension:credBlob: true, webauthn:extension:largeBlob: true, webauthn:virtualAuthenticators: true}
Element: [[ChromeDriver: chrome on WINDOWS (61f011851ac7cc54158b2b1f6f30ae6e)] -> xpath: //a[@href='https://groceryapp.uniqassosiates.com/admin/expense']]
Session ID: 61f011851ac7cc54158b2b1f6f30ae6e]]>
            </message>
            <full-stacktrace>
              <![CDATA[org.openqa.selenium.ElementClickInterceptedException: element click intercepted: Element is not clickable at point (1354, 711)
  (Session info: chrome=109.0.5414.120)
Build info: version: '4.7.2', revision: '4d4020c3b7'
System info: os.name: 'Windows 11', os.arch: 'amd64', os.version: '10.0', java.version: '1.8.0_361'
Driver info: org.openqa.selenium.chrome.ChromeDriver
Command: [61f011851ac7cc54158b2b1f6f30ae6e, clickElement {id=54bb0517-1ff7-4f31-985f-9188ef9a981e}]
Capabilities {acceptInsecureCerts: false, browserName: chrome, browserVersion: 109.0.5414.120, chrome: {chromedriverVersion: 108.0.5359.71 (1e0e3868ee06..., userDataDir: C:\Users\anjuc\AppData\Loca...}, goog:chromeOptions: {debuggerAddress: localhost:52510}, networkConnectionEnabled: false, pageLoadStrategy: normal, platformName: WINDOWS, proxy: Proxy(), se:cdp: ws://localhost:52510/devtoo..., se:cdpVersion: 109.0.5414.120, setWindowRect: true, strictFileInteractability: false, timeouts: {implicit: 0, pageLoad: 300000, script: 30000}, unhandledPromptBehavior: dismiss and notify, webauthn:extension:credBlob: true, webauthn:extension:largeBlob: true, webauthn:virtualAuthenticators: true}
Element: [[ChromeDriver: chrome on WINDOWS (61f011851ac7cc54158b2b1f6f30ae6e)] -> xpath: //a[@href='https://groceryapp.uniqassosiates.com/admin/expense']]
Session ID: 61f011851ac7cc54158b2b1f6f30ae6e
	at sun.reflect.NativeConstructorAccessorImpl.newInstance0(Native Method)
	at sun.reflect.NativeConstructorAccessorImpl.newInstance(Unknown Source)
	at sun.reflect.DelegatingConstructorAccessorImpl.newInstance(Unknown Source)
	at java.lang.reflect.Constructor.newInstance(Unknown Source)
	at org.openqa.selenium.remote.codec.w3c.W3CHttpResponseCodec.createException(W3CHttpResponseCodec.java:200)
	at org.openqa.selenium.remote.codec.w3c.W3CHttpResponseCodec.decode(W3CHttpResponseCodec.java:133)
	at org.openqa.selenium.remote.codec.w3c.W3CHttpResponseCodec.decode(W3CHttpResponseCodec.java:53)
	at org.openqa.selenium.remote.HttpCommandExecutor.execute(HttpCommandExecutor.java:184)
	at org.openqa.selenium.remote.service.DriverCommandExecutor.invokeExecute(DriverCommandExecutor.java:167)
	at org.openqa.selenium.remote.service.DriverCommandExecutor.execute(DriverCommandExecutor.java:142)
	at org.openqa.selenium.remote.RemoteWebDriver.execute(RemoteWebDriver.java:535)
	at org.openqa.selenium.remote.RemoteWebElement.execute(RemoteWebElement.java:257)
	at org.openqa.selenium.remote.RemoteWebElement.click(RemoteWebElement.java:78)
	at sun.reflect.GeneratedMethodAccessor2.invoke(Unknown Source)
	at sun.reflect.DelegatingMethodAccessorImpl.invoke(Unknown Source)
	at java.lang.reflect.Method.invoke(Unknown Source)
	at org.openqa.selenium.support.pagefactory.internal.LocatingElementHandler.invoke(LocatingElementHandler.java:52)
	at com.sun.proxy.$Proxy16.click(Unknown Source)
	at utilities.PageUtility.clickOnElement(PageUtility.java:11)
	at pages.ManageExpenseFromDashboard.createExpenseRecordByselectDateFromCalendar(ManageExpenseFromDashboard.java:121)
	at com.obsqura.selenium.FinalProject.ManageExpenseFromDashboardTest.verifySelectDateFromCalendar(ManageExpenseFromDashboardTest.java:34)
	at sun.reflect.NativeMethodAccessorImpl.invoke0(Native Method)
	at sun.reflect.NativeMethodAccessorImpl.invoke(Unknown Source)
	at sun.reflect.DelegatingMethodAccessorImpl.invoke(Unknown Source)
	at java.lang.reflect.Method.invoke(Unknown Source)
	at org.testng.internal.MethodInvocationHelper.invokeMethod(MethodInvocationHelper.java:108)
	at org.testng.internal.Invoker.invokeMethod(Invoker.java:661)
	at org.testng.internal.Invoker.invokeTestMethod(Invoker.java:869)
	at org.testng.internal.Invoker.invokeTestMethods(Invoker.java:1193)
	at org.testng.internal.TestMethodWorker.invokeTestMethods(TestMethodWorker.java:126)
	at org.testng.internal.TestMethodWorker.run(TestMethodWorker.java:109)
	at org.testng.TestRunner.privateRun(TestRunner.java:744)
	at org.testng.TestRunner.run(TestRunner.java:602)
	at org.testng.SuiteRunner.runTest(SuiteRunner.java:380)
	at org.testng.SuiteRunner.runSequentially(SuiteRunner.java:375)
	at org.testng.SuiteRunner.privateRun(SuiteRunner.java:340)
	at org.testng.SuiteRunner.run(SuiteRunner.java:289)
	at org.testng.SuiteRunnerWorker.runSuite(SuiteRunnerWorker.java:52)
	at org.testng.SuiteRunnerWorker.run(SuiteRunnerWorker.java:86)
	at org.testng.TestNG.runSuitesSequentially(TestNG.java:1301)
	at org.testng.TestNG.runSuitesLocally(TestNG.java:1226)
	at org.testng.TestNG.runSuites(TestNG.java:1144)
	at org.testng.TestNG.run(TestNG.java:1115)
	at org.testng.remote.AbstractRemoteTestNG.run(AbstractRemoteTestNG.java:132)
	at org.testng.remote.RemoteTestNG.initAndRun(RemoteTestNG.java:230)
	at org.testng.remote.RemoteTestNG.main(RemoteTestNG.java:76)
]]>
            </full-stacktrace>
          </exception> <!-- org.openqa.selenium.ElementClickInterceptedException -->
          <reporter-output>
          </reporter-output>
        </test-method> <!-- verifySelectDateFromCalendar -->
        <test-method status="PASS" signature="browserQuit(org.testng.ITestResult)[pri:0, instance:com.obsqura.selenium.FinalProject.ManageExpenseFromDashboardTest@70be0a2b]" name="browserQuit" is-config="true" duration-ms="899" started-at="2023-02-07T02:14:17Z" finished-at="2023-02-07T02:14:18Z">
          <params>
            <param index="0">
              <value>
                <![CDATA[[TestResult name=verifySelectDateFromCalendar status=FAILURE method=ManageExpenseFromDashboardTest.verifySelectDateFromCalendar()[pri:2, instance:com.obsqura.selenium.FinalProject.ManageExpenseFromDashboardTest@70be0a2b] output={null}]]]>
              </value>
            </param>
          </params>
          <reporter-output>
          </reporter-output>
        </test-method> <!-- browserQuit -->
      </class> <!-- com.obsqura.selenium.FinalProject.ManageExpenseFromDashboardTest -->
      <class name="com.obsqura.selenium.FinalProject.VerifyButtonsAndColorsInExpenseCategoryTest">
        <test-method status="PASS" signature="initialiseBrowser(java.lang.String)[pri:0, instance:com.obsqura.selenium.FinalProject.VerifyButtonsAndColorsInExpenseCategoryTest@60704c]" name="initialiseBrowser" is-config="true" duration-ms="2255" started-at="2023-02-07T02:13:16Z" finished-at="2023-02-07T02:13:19Z">
          <params>
            <param index="0">
              <value>
                <![CDATA[chrome]]>
              </value>
            </param>
          </params>
          <reporter-output>
          </reporter-output>
        </test-method> <!-- initialiseBrowser -->
        <test-method status="PASS" signature="verifyFindBackgroundColor()[pri:0, instance:com.obsqura.selenium.FinalProject.VerifyButtonsAndColorsInExpenseCategoryTest@60704c]" name="verifyFindBackgroundColor" duration-ms="1294" started-at="2023-02-07T02:13:19Z" description="Check background color" finished-at="2023-02-07T02:13:20Z">
          <reporter-output>
          </reporter-output>
        </test-method> <!-- verifyFindBackgroundColor -->
        <test-method status="PASS" signature="browserQuit(org.testng.ITestResult)[pri:0, instance:com.obsqura.selenium.FinalProject.VerifyButtonsAndColorsInExpenseCategoryTest@60704c]" name="browserQuit" is-config="true" duration-ms="657" started-at="2023-02-07T02:13:20Z" finished-at="2023-02-07T02:13:21Z">
          <params>
            <param index="0">
              <value>
                <![CDATA[[TestResult name=verifyFindBackgroundColor status=SUCCESS method=VerifyButtonsAndColorsInExpenseCategoryTest.verifyFindBackgroundColor()[pri:0, instance:com.obsqura.selenium.FinalProject.VerifyButtonsAndColorsInExpenseCategoryTest@60704c] output={null}]]]>
              </value>
            </param>
          </params>
          <reporter-output>
          </reporter-output>
        </test-method> <!-- browserQuit -->
      </class> <!-- com.obsqura.selenium.FinalProject.VerifyButtonsAndColorsInExpenseCategoryTest -->
      <class name="com.obsqura.selenium.FinalProject.LoginPageTest">
        <test-method status="PASS" signature="initialiseBrowser(java.lang.String)[pri:0, instance:com.obsqura.selenium.FinalProject.LoginPageTest@7995092a]" name="initialiseBrowser" is-config="true" duration-ms="2172" started-at="2023-02-07T02:12:21Z" finished-at="2023-02-07T02:12:24Z">
          <params>
            <param index="0">
              <value>
                <![CDATA[chrome]]>
              </value>
            </param>
          </params>
          <reporter-output>
          </reporter-output>
        </test-method> <!-- initialiseBrowser -->
        <test-method status="PASS" signature="verifyLogin()[pri:0, instance:com.obsqura.selenium.FinalProject.LoginPageTest@7995092a]" name="verifyLogin" duration-ms="740" started-at="2023-02-07T02:12:24Z" description="Login to app and verify title" finished-at="2023-02-07T02:12:24Z">
          <reporter-output>
          </reporter-output>
        </test-method> <!-- verifyLogin -->
        <test-method status="PASS" signature="browserQuit(org.testng.ITestResult)[pri:0, instance:com.obsqura.selenium.FinalProject.LoginPageTest@7995092a]" name="browserQuit" is-config="true" duration-ms="731" started-at="2023-02-07T02:12:24Z" finished-at="2023-02-07T02:12:25Z">
          <params>
            <param index="0">
              <value>
                <![CDATA[[TestResult name=verifyLogin status=SUCCESS method=LoginPageTest.verifyLogin()[pri:0, instance:com.obsqura.selenium.FinalProject.LoginPageTest@7995092a] output={null}]]]>
              </value>
            </param>
          </params>
          <reporter-output>
          </reporter-output>
        </test-method> <!-- browserQuit -->
      </class> <!-- com.obsqura.selenium.FinalProject.LoginPageTest -->
    </test> <!-- Test -->
  </suite> <!-- Suite -->
</testng-results>
