<?xml version="1.0" encoding="UTF-8"?>
<!-- Generated by org.testng.reporters.JUnitXMLReporter -->
<testsuite hostname="Kannapi" ignored="1" name="Grouping Test" tests="2" failures="0" timestamp="06 Feb 2023 19:28:23 GMT" time="12.536" errors="0">
  <testcase name="verifyCheckTitleOfPage" time="2.163" classname="com.obsqura.selenium.FinalProject.PushNotificationsTest"/>
  <testcase name="verifyResetNotification" time="2.091" classname="com.obsqura.selenium.FinalProject.PushNotificationsTest"/>
  <testcase name="verifySendNotification" time="0.0" classname="com.obsqura.selenium.FinalProject.PushNotificationsTest">
    <ignored/>
  </testcase> <!-- verifySendNotification -->
</testsuite> <!-- Grouping Test -->
