<?xml version="1.0" encoding="UTF-8"?>
<!-- Generated by org.testng.reporters.JUnitXMLReporter -->
<testsuite hostname="Kannapi" ignored="1" name="Grouping Test HRMS" tests="2" failures="0" timestamp="31 Jan 2023 15:51:09 GMT" time="24.356" errors="0">
  <testcase name="verifyCheckTitleOfPage" time="4.531" classname="com.obsqura.selenium.FinalProject.PushNotificationsTest"/>
  <testcase name="verifyResetNotification" time="4.916" classname="com.obsqura.selenium.FinalProject.PushNotificationsTest"/>
  <testcase name="verifySendNotification" time="0.0" classname="com.obsqura.selenium.FinalProject.PushNotificationsTest">
    <ignored/>
  </testcase> <!-- verifySendNotification -->
</testsuite> <!-- Grouping Test HRMS -->
